2025-09-04T00:00:43.684+05:30  INFO 3672 --- [billing-payment-service] [AsyncResolver-bootstrap-executor-%d] [                                                 ] c.n.d.s.r.aws.ConfigClusterResolver      : Resolving eureka endpoints via configuration
2025-09-04T00:03:35.535+05:30  WARN 3672 --- [billing-payment-service] [http-nio-8085-exec-8] [68b889ffd71f6d8ebbfeedb44bbed731-bbfeedb44bbed731] .m.m.a.ExceptionHandlerExceptionResolver : Resolved [org.springframework.web.servlet.resource.NoResourceFoundException: No static resource favicon.ico.]
2025-09-04T00:05:43.697+05:30  INFO 3672 --- [billing-payment-service] [AsyncResolver-bootstrap-executor-%d] [                                                 ] c.n.d.s.r.aws.ConfigClusterResolver      : Resolving eureka endpoints via configuration
2025-09-04T00:10:43.707+05:30  INFO 3672 --- [billing-payment-service] [AsyncResolver-bootstrap-executor-%d] [                                                 ] c.n.d.s.r.aws.ConfigClusterResolver      : Resolving eureka endpoints via configuration
2025-09-04T00:18:43.174+05:30  WARN 3672 --- [billing-payment-service] [HikariPool-1:housekeeper] [                                                 ] com.zaxxer.hikari.pool.HikariPool        : HikariPool-1 - Thread starvation or clock leap detected (housekeeper delta=7m32s258ms513µs800ns).
2025-09-04T00:22:49.246+05:30  INFO 3672 --- [billing-payment-service] [AsyncResolver-bootstrap-executor-%d] [                                                 ] c.n.d.s.r.aws.ConfigClusterResolver      : Resolving eureka endpoints via configuration
2025-09-04T00:27:10.170+05:30  WARN 3672 --- [billing-payment-service] [HikariPool-1:housekeeper] [                                                 ] com.zaxxer.hikari.pool.HikariPool        : HikariPool-1 - Thread starvation or clock leap detected (housekeeper delta=2m26s901ms6µs200ns).
2025-09-04T00:29:46.152+05:30  INFO 3672 --- [billing-payment-service] [AsyncResolver-bootstrap-executor-%d] [                                                 ] c.n.d.s.r.aws.ConfigClusterResolver      : Resolving eureka endpoints via configuration
2025-09-04T00:32:46.862+05:30  WARN 3672 --- [billing-payment-service] [HikariPool-1:housekeeper] [                                                 ] com.zaxxer.hikari.pool.HikariPool        : HikariPool-1 - Thread starvation or clock leap detected (housekeeper delta=3m6s646ms28µs).
2025-09-04T00:37:22.809+05:30  INFO 3672 --- [billing-payment-service] [AsyncResolver-bootstrap-executor-%d] [                                                 ] c.n.d.s.r.aws.ConfigClusterResolver      : Resolving eureka endpoints via configuration
2025-09-04T00:42:22.818+05:30  INFO 3672 --- [billing-payment-service] [AsyncResolver-bootstrap-executor-%d] [                                                 ] c.n.d.s.r.aws.ConfigClusterResolver      : Resolving eureka endpoints via configuration
2025-09-04T00:47:22.820+05:30  INFO 3672 --- [billing-payment-service] [AsyncResolver-bootstrap-executor-%d] [                                                 ] c.n.d.s.r.aws.ConfigClusterResolver      : Resolving eureka endpoints via configuration
2025-09-04T00:52:22.832+05:30  INFO 3672 --- [billing-payment-service] [AsyncResolver-bootstrap-executor-%d] [                                                 ] c.n.d.s.r.aws.ConfigClusterResolver      : Resolving eureka endpoints via configuration
2025-09-04T00:57:22.837+05:30  INFO 3672 --- [billing-payment-service] [AsyncResolver-bootstrap-executor-%d] [                                                 ] c.n.d.s.r.aws.ConfigClusterResolver      : Resolving eureka endpoints via configuration
2025-09-04T01:02:22.852+05:30  INFO 3672 --- [billing-payment-service] [AsyncResolver-bootstrap-executor-%d] [                                                 ] c.n.d.s.r.aws.ConfigClusterResolver      : Resolving eureka endpoints via configuration
2025-09-04T01:07:22.867+05:30  INFO 3672 --- [billing-payment-service] [AsyncResolver-bootstrap-executor-%d] [                                                 ] c.n.d.s.r.aws.ConfigClusterResolver      : Resolving eureka endpoints via configuration
2025-09-04T01:11:26.902+05:30  WARN 3672 --- [billing-payment-service] [HikariPool-1:housekeeper] [                                                 ] com.zaxxer.hikari.pool.HikariPool        : HikariPool-1 - Thread starvation or clock leap detected (housekeeper delta=1m9s405ms645µs200ns).
2025-09-04T01:13:14.240+05:30  INFO 3672 --- [billing-payment-service] [AsyncResolver-bootstrap-executor-%d] [                                                 ] c.n.d.s.r.aws.ConfigClusterResolver      : Resolving eureka endpoints via configuration
2025-09-04T01:18:14.250+05:30  INFO 3672 --- [billing-payment-service] [AsyncResolver-bootstrap-executor-%d] [                                                 ] c.n.d.s.r.aws.ConfigClusterResolver      : Resolving eureka endpoints via configuration
2025-09-04T01:23:14.266+05:30  INFO 3672 --- [billing-payment-service] [AsyncResolver-bootstrap-executor-%d] [                                                 ] c.n.d.s.r.aws.ConfigClusterResolver      : Resolving eureka endpoints via configuration
2025-09-04T01:28:14.274+05:30  INFO 3672 --- [billing-payment-service] [AsyncResolver-bootstrap-executor-%d] [                                                 ] c.n.d.s.r.aws.ConfigClusterResolver      : Resolving eureka endpoints via configuration
2025-09-04T01:29:43.551+05:30  INFO 3672 --- [billing-payment-service] [RMI TCP Connection(192)-127.0.0.1] [                                                 ] inMXBeanRegistrar$SpringApplicationAdmin : Application shutdown requested.
2025-09-04T01:29:43.563+05:30  INFO 3672 --- [billing-payment-service] [RMI TCP Connection(192)-127.0.0.1] [                                                 ] o.s.c.n.e.s.EurekaServiceRegistry        : Unregistering application BILLING-PAYMENT-SERVICE with eureka with status DOWN
2025-09-04T01:29:43.564+05:30  INFO 3672 --- [billing-payment-service] [RMI TCP Connection(192)-127.0.0.1] [                                                 ] com.netflix.discovery.DiscoveryClient    : Saw local status change event StatusChangeEvent [timestamp=1756929583564, current=DOWN, previous=UP]
2025-09-04T01:29:43.564+05:30  INFO 3672 --- [billing-payment-service] [DiscoveryClient-InstanceInfoReplicator-%d] [                                                 ] com.netflix.discovery.DiscoveryClient    : DiscoveryClient_BILLING-PAYMENT-SERVICE/LAPTOP-HPLJP7AG:billing-payment-service:8085: registering service...
2025-09-04T01:29:43.585+05:30  INFO 3672 --- [billing-payment-service] [RMI TCP Connection(192)-127.0.0.1] [                                                 ] o.s.b.w.e.tomcat.GracefulShutdown        : Commencing graceful shutdown. Waiting for active requests to complete
2025-09-04T01:29:43.595+05:30  INFO 3672 --- [billing-payment-service] [DiscoveryClient-InstanceInfoReplicator-%d] [                                                 ] com.netflix.discovery.DiscoveryClient    : DiscoveryClient_BILLING-PAYMENT-SERVICE/LAPTOP-HPLJP7AG:billing-payment-service:8085 - registration status: 204
2025-09-04T01:29:43.596+05:30  INFO 3672 --- [billing-payment-service] [tomcat-shutdown] [                                                 ] o.s.b.w.e.tomcat.GracefulShutdown        : Graceful shutdown complete
2025-09-04T01:29:43.620+05:30  INFO 3672 --- [billing-payment-service] [RMI TCP Connection(192)-127.0.0.1] [                                                 ] j.LocalContainerEntityManagerFactoryBean : Closing JPA EntityManagerFactory for persistence unit 'default'
2025-09-04T01:29:43.639+05:30  INFO 3672 --- [billing-payment-service] [RMI TCP Connection(192)-127.0.0.1] [                                                 ] com.zaxxer.hikari.HikariDataSource       : HikariPool-1 - Shutdown initiated...
2025-09-04T01:29:43.645+05:30  INFO 3672 --- [billing-payment-service] [RMI TCP Connection(192)-127.0.0.1] [                                                 ] com.zaxxer.hikari.HikariDataSource       : HikariPool-1 - Shutdown completed.
2025-09-04T01:29:44.497+05:30  INFO 3672 --- [billing-payment-service] [RMI TCP Connection(192)-127.0.0.1] [                                                 ] com.netflix.discovery.DiscoveryClient    : Shutting down DiscoveryClient ...
2025-09-04T01:29:47.523+05:30  INFO 3672 --- [billing-payment-service] [RMI TCP Connection(192)-127.0.0.1] [                                                 ] com.netflix.discovery.DiscoveryClient    : Unregistering ...
2025-09-04T01:29:47.558+05:30  INFO 3672 --- [billing-payment-service] [RMI TCP Connection(192)-127.0.0.1] [                                                 ] com.netflix.discovery.DiscoveryClient    : DiscoveryClient_BILLING-PAYMENT-SERVICE/LAPTOP-HPLJP7AG:billing-payment-service:8085 - deregister  status: 200
2025-09-04T01:29:47.560+05:30  INFO 3672 --- [billing-payment-service] [RMI TCP Connection(192)-127.0.0.1] [                                                 ] com.netflix.discovery.DiscoveryClient    : Completed shut down of DiscoveryClient
2025-09-04T12:24:17.811+05:30  INFO 29408 --- [billing-payment-service] [restartedMain] [                                                 ] c.w.k.b.BillingPaymentServiceApplication : Starting BillingPaymentServiceApplication using Java 21.0.7 with PID 29408 (C:\sts-4.31.0.RELEASE\MiniProject1\billing-payment-service\target\classes started by Komal in C:\sts-4.31.0.RELEASE\MiniProject1\billing-payment-service)
2025-09-04T12:24:17.815+05:30  INFO 29408 --- [billing-payment-service] [restartedMain] [                                                 ] c.w.k.b.BillingPaymentServiceApplication : No active profile set, falling back to 1 default profile: "default"
2025-09-04T12:24:17.869+05:30  INFO 29408 --- [billing-payment-service] [restartedMain] [                                                 ] o.s.c.c.c.ConfigServerConfigDataLoader   : Fetching config from server at : http://localhost:9094
2025-09-04T12:24:17.869+05:30  INFO 29408 --- [billing-payment-service] [restartedMain] [                                                 ] o.s.c.c.c.ConfigServerConfigDataLoader   : Located environment: name=billing-payment-service, profiles=[default], label=null, version=793ed0c096cee40cfc4d43364491e1f98fde61bf, state=
2025-09-04T12:24:17.872+05:30  INFO 29408 --- [billing-payment-service] [restartedMain] [                                                 ] .e.DevToolsPropertyDefaultsPostProcessor : Devtools property defaults active! Set 'spring.devtools.add-properties' to 'false' to disable
2025-09-04T12:24:17.872+05:30  INFO 29408 --- [billing-payment-service] [restartedMain] [                                                 ] .e.DevToolsPropertyDefaultsPostProcessor : For additional web related logging consider setting the 'logging.level.web' property to 'DEBUG'
2025-09-04T12:24:19.412+05:30  INFO 29408 --- [billing-payment-service] [restartedMain] [                                                 ] .s.d.r.c.RepositoryConfigurationDelegate : Bootstrapping Spring Data JPA repositories in DEFAULT mode.
2025-09-04T12:24:19.579+05:30  INFO 29408 --- [billing-payment-service] [restartedMain] [                                                 ] .s.d.r.c.RepositoryConfigurationDelegate : Finished Spring Data repository scanning in 155 ms. Found 1 JPA repository interface.
2025-09-04T12:24:19.928+05:30  INFO 29408 --- [billing-payment-service] [restartedMain] [                                                 ] o.s.cloud.context.scope.GenericScope     : BeanFactory id=9bac627c-398e-3288-80c1-8dbc08c5f29d
2025-09-04T12:24:20.925+05:30  INFO 29408 --- [billing-payment-service] [restartedMain] [                                                 ] o.s.b.w.embedded.tomcat.TomcatWebServer  : Tomcat initialized with port 8085 (http)
2025-09-04T12:24:20.941+05:30  INFO 29408 --- [billing-payment-service] [restartedMain] [                                                 ] o.apache.catalina.core.StandardService   : Starting service [Tomcat]
2025-09-04T12:24:20.941+05:30  INFO 29408 --- [billing-payment-service] [restartedMain] [                                                 ] o.apache.catalina.core.StandardEngine    : Starting Servlet engine: [Apache Tomcat/10.1.43]
2025-09-04T12:24:21.007+05:30  INFO 29408 --- [billing-payment-service] [restartedMain] [                                                 ] o.a.c.c.C.[Tomcat].[localhost].[/]       : Initializing Spring embedded WebApplicationContext
2025-09-04T12:24:21.007+05:30  INFO 29408 --- [billing-payment-service] [restartedMain] [                                                 ] w.s.c.ServletWebServerApplicationContext : Root WebApplicationContext: initialization completed in 3133 ms
2025-09-04T12:24:21.981+05:30  INFO 29408 --- [billing-payment-service] [restartedMain] [                                                 ] o.hibernate.jpa.internal.util.LogHelper  : HHH000204: Processing PersistenceUnitInfo [name: default]
2025-09-04T12:24:22.081+05:30  INFO 29408 --- [billing-payment-service] [restartedMain] [                                                 ] org.hibernate.Version                    : HHH000412: Hibernate ORM core version 6.6.22.Final
2025-09-04T12:24:22.134+05:30  INFO 29408 --- [billing-payment-service] [restartedMain] [                                                 ] o.h.c.internal.RegionFactoryInitiator    : HHH000026: Second-level cache disabled
2025-09-04T12:24:22.490+05:30  INFO 29408 --- [billing-payment-service] [restartedMain] [                                                 ] o.s.o.j.p.SpringPersistenceUnitInfo      : No LoadTimeWeaver setup: ignoring JPA class transformer
2025-09-04T12:24:22.530+05:30  INFO 29408 --- [billing-payment-service] [restartedMain] [                                                 ] com.zaxxer.hikari.HikariDataSource       : HikariPool-1 - Starting...
2025-09-04T12:24:22.765+05:30  INFO 29408 --- [billing-payment-service] [restartedMain] [                                                 ] com.zaxxer.hikari.pool.HikariPool        : HikariPool-1 - Added connection com.mysql.cj.jdbc.ConnectionImpl@736effce
2025-09-04T12:24:22.767+05:30  INFO 29408 --- [billing-payment-service] [restartedMain] [                                                 ] com.zaxxer.hikari.HikariDataSource       : HikariPool-1 - Start completed.
2025-09-04T12:24:22.844+05:30  WARN 29408 --- [billing-payment-service] [restartedMain] [                                                 ] org.hibernate.orm.deprecation            : HHH90000025: MySQLDialect does not need to be specified explicitly using 'hibernate.dialect' (remove the property setting and it will be selected by default)
2025-09-04T12:24:22.865+05:30  INFO 29408 --- [billing-payment-service] [restartedMain] [                                                 ] org.hibernate.orm.connections.pooling    : HHH10001005: Database info:
	Database JDBC URL [Connecting through datasource 'HikariDataSource (HikariPool-1)']
	Database driver: undefined/unknown
	Database version: 8.0.41
	Autocommit mode: undefined/unknown
	Isolation level: undefined/unknown
	Minimum pool size: undefined/unknown
	Maximum pool size: undefined/unknown
2025-09-04T12:24:23.795+05:30  INFO 29408 --- [billing-payment-service] [restartedMain] [                                                 ] o.h.e.t.j.p.i.JtaPlatformInitiator       : HHH000489: No JTA platform available (set 'hibernate.transaction.jta.platform' to enable JTA platform integration)
2025-09-04T12:24:23.859+05:30  INFO 29408 --- [billing-payment-service] [restartedMain] [                                                 ] j.LocalContainerEntityManagerFactoryBean : Initialized JPA EntityManagerFactory for persistence unit 'default'
2025-09-04T12:24:24.471+05:30  WARN 29408 --- [billing-payment-service] [restartedMain] [                                                 ] JpaBaseConfiguration$JpaWebConfiguration : spring.jpa.open-in-view is enabled by default. Therefore, database queries may be performed during view rendering. Explicitly configure spring.jpa.open-in-view to disable this warning
2025-09-04T12:24:24.606+05:30  INFO 29408 --- [billing-payment-service] [restartedMain] [                                                 ] o.s.b.d.a.OptionalLiveReloadServer       : LiveReload server is running on port 35729
2025-09-04T12:24:24.711+05:30  INFO 29408 --- [billing-payment-service] [restartedMain] [                                                 ] o.s.c.openfeign.FeignClientFactoryBean   : For 'patient-service' URL not provided. Will try picking an instance via load-balancing.
2025-09-04T12:24:24.808+05:30  INFO 29408 --- [billing-payment-service] [restartedMain] [                                                 ] o.s.c.openfeign.FeignClientFactoryBean   : For 'appointment-service' URL not provided. Will try picking an instance via load-balancing.
2025-09-04T12:24:27.022+05:30  INFO 29408 --- [billing-payment-service] [restartedMain] [                                                 ] DiscoveryClientOptionalArgsConfiguration : Eureka HTTP Client uses RestTemplate.
2025-09-04T12:24:27.101+05:30  WARN 29408 --- [billing-payment-service] [restartedMain] [                                                 ] iguration$LoadBalancerCaffeineWarnLogger : Spring Cloud LoadBalancer is currently working with the default cache. While this cache implementation is useful for development and tests, it's recommended to use Caffeine cache in production.You can switch to using Caffeine cache, by adding it and org.springframework.cache.caffeine.CaffeineCacheManager to the classpath.
2025-09-04T12:24:27.142+05:30  INFO 29408 --- [billing-payment-service] [restartedMain] [                                                 ] o.s.b.a.e.web.EndpointLinksResolver      : Exposing 28 endpoints beneath base path '/actuator'
2025-09-04T12:24:27.276+05:30  INFO 29408 --- [billing-payment-service] [restartedMain] [                                                 ] o.s.c.n.eureka.InstanceInfoFactory       : Setting initial instance status as: STARTING
2025-09-04T12:24:27.302+05:30  INFO 29408 --- [billing-payment-service] [restartedMain] [                                                 ] com.netflix.discovery.DiscoveryClient    : Initializing Eureka in region us-east-1
2025-09-04T12:24:27.306+05:30  INFO 29408 --- [billing-payment-service] [restartedMain] [                                                 ] c.n.d.s.r.aws.ConfigClusterResolver      : Resolving eureka endpoints via configuration
2025-09-04T12:24:27.316+05:30  INFO 29408 --- [billing-payment-service] [restartedMain] [                                                 ] com.netflix.discovery.DiscoveryClient    : Disable delta property : false
2025-09-04T12:24:27.316+05:30  INFO 29408 --- [billing-payment-service] [restartedMain] [                                                 ] com.netflix.discovery.DiscoveryClient    : Single vip registry refresh property : null
2025-09-04T12:24:27.317+05:30  INFO 29408 --- [billing-payment-service] [restartedMain] [                                                 ] com.netflix.discovery.DiscoveryClient    : Force full registry fetch : false
2025-09-04T12:24:27.317+05:30  INFO 29408 --- [billing-payment-service] [restartedMain] [                                                 ] com.netflix.discovery.DiscoveryClient    : Application is null : false
2025-09-04T12:24:27.317+05:30  INFO 29408 --- [billing-payment-service] [restartedMain] [                                                 ] com.netflix.discovery.DiscoveryClient    : Registered Applications size is zero : true
2025-09-04T12:24:27.318+05:30  INFO 29408 --- [billing-payment-service] [restartedMain] [                                                 ] com.netflix.discovery.DiscoveryClient    : Application version is -1: true
2025-09-04T12:24:27.318+05:30  INFO 29408 --- [billing-payment-service] [restartedMain] [                                                 ] com.netflix.discovery.DiscoveryClient    : Getting all instance registry info from the eureka server
2025-09-04T12:24:27.595+05:30  INFO 29408 --- [billing-payment-service] [restartedMain] [                                                 ] com.netflix.discovery.DiscoveryClient    : The response status is 200
2025-09-04T12:24:27.599+05:30  INFO 29408 --- [billing-payment-service] [restartedMain] [                                                 ] com.netflix.discovery.DiscoveryClient    : Starting heartbeat executor: renew interval is: 30
2025-09-04T12:24:27.602+05:30  INFO 29408 --- [billing-payment-service] [restartedMain] [                                                 ] c.n.discovery.InstanceInfoReplicator     : InstanceInfoReplicator onDemand update allowed rate per min is 4
2025-09-04T12:24:27.604+05:30  INFO 29408 --- [billing-payment-service] [restartedMain] [                                                 ] com.netflix.discovery.DiscoveryClient    : Discovery Client initialized at timestamp 1756968867604 with initial instances count: 1
2025-09-04T12:24:27.621+05:30  INFO 29408 --- [billing-payment-service] [restartedMain] [                                                 ] o.s.c.n.e.s.EurekaServiceRegistry        : Registering application BILLING-PAYMENT-SERVICE with eureka with status UP
2025-09-04T12:24:27.622+05:30  INFO 29408 --- [billing-payment-service] [restartedMain] [                                                 ] com.netflix.discovery.DiscoveryClient    : Saw local status change event StatusChangeEvent [timestamp=1756968867622, current=UP, previous=STARTING]
2025-09-04T12:24:27.624+05:30  INFO 29408 --- [billing-payment-service] [DiscoveryClient-InstanceInfoReplicator-%d] [                                                 ] com.netflix.discovery.DiscoveryClient    : DiscoveryClient_BILLING-PAYMENT-SERVICE/LAPTOP-HPLJP7AG:billing-payment-service:8085: registering service...
2025-09-04T12:24:27.648+05:30  INFO 29408 --- [billing-payment-service] [restartedMain] [                                                 ] o.s.b.w.embedded.tomcat.TomcatWebServer  : Tomcat started on port 8085 (http) with context path '/'
2025-09-04T12:24:27.649+05:30  INFO 29408 --- [billing-payment-service] [restartedMain] [                                                 ] .s.c.n.e.s.EurekaAutoServiceRegistration : Updating port to 8085
2025-09-04T12:24:27.679+05:30  INFO 29408 --- [billing-payment-service] [restartedMain] [                                                 ] c.w.k.b.BillingPaymentServiceApplication : Started BillingPaymentServiceApplication in 14.586 seconds (process running for 15.807)
2025-09-04T12:24:27.696+05:30  INFO 29408 --- [billing-payment-service] [DiscoveryClient-InstanceInfoReplicator-%d] [                                                 ] com.netflix.discovery.DiscoveryClient    : DiscoveryClient_BILLING-PAYMENT-SERVICE/LAPTOP-HPLJP7AG:billing-payment-service:8085 - registration status: 204
2025-09-04T12:24:28.100+05:30  INFO 29408 --- [billing-payment-service] [RMI TCP Connection(10)-127.0.0.1] [                                                 ] o.a.c.c.C.[Tomcat].[localhost].[/]       : Initializing Spring DispatcherServlet 'dispatcherServlet'
2025-09-04T12:24:28.100+05:30  INFO 29408 --- [billing-payment-service] [RMI TCP Connection(10)-127.0.0.1] [                                                 ] o.s.web.servlet.DispatcherServlet        : Initializing Servlet 'dispatcherServlet'
2025-09-04T12:24:28.102+05:30  INFO 29408 --- [billing-payment-service] [RMI TCP Connection(10)-127.0.0.1] [                                                 ] o.s.web.servlet.DispatcherServlet        : Completed initialization in 2 ms
2025-09-04T12:24:28.660+05:30  WARN 29408 --- [billing-payment-service] [AsyncReporter{ZipkinHttpClientSender{http://localhost:9411/api/v2/spans}}] [                                                 ] z.r.i.AsyncReporter$BoundedAsyncReporter : Spans were dropped due to exceptions. All subsequent errors will be logged at FINE level.
2025-09-04T12:24:28.660+05:30  WARN 29408 --- [billing-payment-service] [AsyncReporter{ZipkinHttpClientSender{http://localhost:9411/api/v2/spans}}] [                                                 ] z.r.i.AsyncReporter$BoundedAsyncReporter : Dropped 2 spans due to ConnectException()

java.net.ConnectException: null
	at java.net.http/jdk.internal.net.http.HttpClientImpl.send(HttpClientImpl.java:952) ~[java.net.http:na]
	at java.net.http/jdk.internal.net.http.HttpClientFacade.send(HttpClientFacade.java:133) ~[java.net.http:na]
	at org.springframework.boot.actuate.autoconfigure.tracing.zipkin.ZipkinHttpClientSender.postSpans(ZipkinHttpClientSender.java:60) ~[spring-boot-actuator-autoconfigure-3.5.4.jar:3.5.4]
	at org.springframework.boot.actuate.autoconfigure.tracing.zipkin.HttpSender.postSpans(HttpSender.java:69) ~[spring-boot-actuator-autoconfigure-3.5.4.jar:3.5.4]
	at org.springframework.boot.actuate.autoconfigure.tracing.zipkin.HttpSender.postSpans(HttpSender.java:41) ~[spring-boot-actuator-autoconfigure-3.5.4.jar:3.5.4]
	at zipkin2.reporter.BaseHttpSender.send(BaseHttpSender.java:123) ~[zipkin-reporter-3.5.1.jar:na]
	at zipkin2.reporter.internal.AsyncReporter$BoundedAsyncReporter.flush(AsyncReporter.java:266) ~[zipkin-reporter-3.5.1.jar:na]
	at zipkin2.reporter.internal.AsyncReporter$Flusher.run(AsyncReporter.java:352) ~[zipkin-reporter-3.5.1.jar:na]
	at java.base/java.lang.Thread.run(Thread.java:1583) ~[na:na]
Caused by: java.net.ConnectException: null
	at java.net.http/jdk.internal.net.http.common.Utils.toConnectException(Utils.java:1041) ~[java.net.http:na]
	at java.net.http/jdk.internal.net.http.PlainHttpConnection.connectAsync(PlainHttpConnection.java:227) ~[java.net.http:na]
	at java.net.http/jdk.internal.net.http.PlainHttpConnection.checkRetryConnect(PlainHttpConnection.java:280) ~[java.net.http:na]
	at java.net.http/jdk.internal.net.http.PlainHttpConnection.lambda$connectAsync$2(PlainHttpConnection.java:238) ~[java.net.http:na]
	at java.base/java.util.concurrent.CompletableFuture.uniHandle(CompletableFuture.java:934) ~[na:na]
	at java.base/java.util.concurrent.CompletableFuture$UniHandle.tryFire(CompletableFuture.java:911) ~[na:na]
	at java.base/java.util.concurrent.CompletableFuture.postComplete(CompletableFuture.java:510) ~[na:na]
	at java.base/java.util.concurrent.CompletableFuture$AsyncSupply.run(CompletableFuture.java:1773) ~[na:na]
	at java.base/java.util.concurrent.ThreadPoolExecutor.runWorker(ThreadPoolExecutor.java:1144) ~[na:na]
	at java.base/java.util.concurrent.ThreadPoolExecutor$Worker.run(ThreadPoolExecutor.java:642) ~[na:na]
	... 1 common frames omitted
Caused by: java.nio.channels.ClosedChannelException: null
	at java.base/sun.nio.ch.SocketChannelImpl.ensureOpen(SocketChannelImpl.java:202) ~[na:na]
	at java.base/sun.nio.ch.SocketChannelImpl.beginConnect(SocketChannelImpl.java:786) ~[na:na]
	at java.base/sun.nio.ch.SocketChannelImpl.connect(SocketChannelImpl.java:874) ~[na:na]
	at java.net.http/jdk.internal.net.http.PlainHttpConnection.lambda$connectAsync$1(PlainHttpConnection.java:210) ~[java.net.http:na]
	at java.base/java.security.AccessController.doPrivileged(AccessController.java:571) ~[na:na]
	at java.net.http/jdk.internal.net.http.PlainHttpConnection.connectAsync(PlainHttpConnection.java:212) ~[java.net.http:na]
	... 9 common frames omitted

2025-09-04T12:29:27.333+05:30  INFO 29408 --- [billing-payment-service] [AsyncResolver-bootstrap-executor-%d] [                                                 ] c.n.d.s.r.aws.ConfigClusterResolver      : Resolving eureka endpoints via configuration
2025-09-04T12:34:27.348+05:30  INFO 29408 --- [billing-payment-service] [AsyncResolver-bootstrap-executor-%d] [                                                 ] c.n.d.s.r.aws.ConfigClusterResolver      : Resolving eureka endpoints via configuration
2025-09-04T12:39:27.355+05:30  INFO 29408 --- [billing-payment-service] [AsyncResolver-bootstrap-executor-%d] [                                                 ] c.n.d.s.r.aws.ConfigClusterResolver      : Resolving eureka endpoints via configuration
2025-09-04T12:44:27.362+05:30  INFO 29408 --- [billing-payment-service] [AsyncResolver-bootstrap-executor-%d] [                                                 ] c.n.d.s.r.aws.ConfigClusterResolver      : Resolving eureka endpoints via configuration
2025-09-04T12:49:27.366+05:30  INFO 29408 --- [billing-payment-service] [AsyncResolver-bootstrap-executor-%d] [                                                 ] c.n.d.s.r.aws.ConfigClusterResolver      : Resolving eureka endpoints via configuration
2025-09-04T12:54:27.375+05:30  INFO 29408 --- [billing-payment-service] [AsyncResolver-bootstrap-executor-%d] [                                                 ] c.n.d.s.r.aws.ConfigClusterResolver      : Resolving eureka endpoints via configuration
2025-09-04T12:59:27.386+05:30  INFO 29408 --- [billing-payment-service] [AsyncResolver-bootstrap-executor-%d] [                                                 ] c.n.d.s.r.aws.ConfigClusterResolver      : Resolving eureka endpoints via configuration
2025-09-04T13:04:27.397+05:30  INFO 29408 --- [billing-payment-service] [AsyncResolver-bootstrap-executor-%d] [                                                 ] c.n.d.s.r.aws.ConfigClusterResolver      : Resolving eureka endpoints via configuration
2025-09-04T13:09:27.411+05:30  INFO 29408 --- [billing-payment-service] [AsyncResolver-bootstrap-executor-%d] [                                                 ] c.n.d.s.r.aws.ConfigClusterResolver      : Resolving eureka endpoints via configuration
2025-09-04T13:14:27.414+05:30  INFO 29408 --- [billing-payment-service] [AsyncResolver-bootstrap-executor-%d] [                                                 ] c.n.d.s.r.aws.ConfigClusterResolver      : Resolving eureka endpoints via configuration
2025-09-04T13:19:27.429+05:30  INFO 29408 --- [billing-payment-service] [AsyncResolver-bootstrap-executor-%d] [                                                 ] c.n.d.s.r.aws.ConfigClusterResolver      : Resolving eureka endpoints via configuration
2025-09-04T13:24:27.440+05:30  INFO 29408 --- [billing-payment-service] [AsyncResolver-bootstrap-executor-%d] [                                                 ] c.n.d.s.r.aws.ConfigClusterResolver      : Resolving eureka endpoints via configuration
2025-09-04T13:29:27.452+05:30  INFO 29408 --- [billing-payment-service] [AsyncResolver-bootstrap-executor-%d] [                                                 ] c.n.d.s.r.aws.ConfigClusterResolver      : Resolving eureka endpoints via configuration
2025-09-04T13:34:27.465+05:30  INFO 29408 --- [billing-payment-service] [AsyncResolver-bootstrap-executor-%d] [                                                 ] c.n.d.s.r.aws.ConfigClusterResolver      : Resolving eureka endpoints via configuration
2025-09-04T13:39:27.477+05:30  INFO 29408 --- [billing-payment-service] [AsyncResolver-bootstrap-executor-%d] [                                                 ] c.n.d.s.r.aws.ConfigClusterResolver      : Resolving eureka endpoints via configuration
2025-09-04T13:44:27.481+05:30  INFO 29408 --- [billing-payment-service] [AsyncResolver-bootstrap-executor-%d] [                                                 ] c.n.d.s.r.aws.ConfigClusterResolver      : Resolving eureka endpoints via configuration
2025-09-04T13:49:27.490+05:30  INFO 29408 --- [billing-payment-service] [AsyncResolver-bootstrap-executor-%d] [                                                 ] c.n.d.s.r.aws.ConfigClusterResolver      : Resolving eureka endpoints via configuration
2025-09-04T13:54:27.506+05:30  INFO 29408 --- [billing-payment-service] [AsyncResolver-bootstrap-executor-%d] [                                                 ] c.n.d.s.r.aws.ConfigClusterResolver      : Resolving eureka endpoints via configuration
2025-09-04T13:59:27.509+05:30  INFO 29408 --- [billing-payment-service] [AsyncResolver-bootstrap-executor-%d] [                                                 ] c.n.d.s.r.aws.ConfigClusterResolver      : Resolving eureka endpoints via configuration
2025-09-04T14:04:27.525+05:30  INFO 29408 --- [billing-payment-service] [AsyncResolver-bootstrap-executor-%d] [                                                 ] c.n.d.s.r.aws.ConfigClusterResolver      : Resolving eureka endpoints via configuration
2025-09-04T14:09:27.536+05:30  INFO 29408 --- [billing-payment-service] [AsyncResolver-bootstrap-executor-%d] [                                                 ] c.n.d.s.r.aws.ConfigClusterResolver      : Resolving eureka endpoints via configuration
2025-09-04T14:14:27.548+05:30  INFO 29408 --- [billing-payment-service] [AsyncResolver-bootstrap-executor-%d] [                                                 ] c.n.d.s.r.aws.ConfigClusterResolver      : Resolving eureka endpoints via configuration
2025-09-04T14:19:27.554+05:30  INFO 29408 --- [billing-payment-service] [AsyncResolver-bootstrap-executor-%d] [                                                 ] c.n.d.s.r.aws.ConfigClusterResolver      : Resolving eureka endpoints via configuration
2025-09-04T14:24:27.566+05:30  INFO 29408 --- [billing-payment-service] [AsyncResolver-bootstrap-executor-%d] [                                                 ] c.n.d.s.r.aws.ConfigClusterResolver      : Resolving eureka endpoints via configuration
2025-09-04T14:29:27.581+05:30  INFO 29408 --- [billing-payment-service] [AsyncResolver-bootstrap-executor-%d] [                                                 ] c.n.d.s.r.aws.ConfigClusterResolver      : Resolving eureka endpoints via configuration
2025-09-04T14:34:27.582+05:30  INFO 29408 --- [billing-payment-service] [AsyncResolver-bootstrap-executor-%d] [                                                 ] c.n.d.s.r.aws.ConfigClusterResolver      : Resolving eureka endpoints via configuration
2025-09-04T14:39:27.600+05:30  INFO 29408 --- [billing-payment-service] [AsyncResolver-bootstrap-executor-%d] [                                                 ] c.n.d.s.r.aws.ConfigClusterResolver      : Resolving eureka endpoints via configuration
2025-09-04T14:44:27.611+05:30  INFO 29408 --- [billing-payment-service] [AsyncResolver-bootstrap-executor-%d] [                                                 ] c.n.d.s.r.aws.ConfigClusterResolver      : Resolving eureka endpoints via configuration
2025-09-04T14:49:27.623+05:30  INFO 29408 --- [billing-payment-service] [AsyncResolver-bootstrap-executor-%d] [                                                 ] c.n.d.s.r.aws.ConfigClusterResolver      : Resolving eureka endpoints via configuration
2025-09-04T14:54:27.636+05:30  INFO 29408 --- [billing-payment-service] [AsyncResolver-bootstrap-executor-%d] [                                                 ] c.n.d.s.r.aws.ConfigClusterResolver      : Resolving eureka endpoints via configuration
2025-09-04T14:59:43.506+05:30  INFO 29408 --- [billing-payment-service] [AsyncResolver-bootstrap-executor-%d] [                                                 ] c.n.d.s.r.aws.ConfigClusterResolver      : Resolving eureka endpoints via configuration
2025-09-04T15:04:43.514+05:30  INFO 29408 --- [billing-payment-service] [AsyncResolver-bootstrap-executor-%d] [                                                 ] c.n.d.s.r.aws.ConfigClusterResolver      : Resolving eureka endpoints via configuration
2025-09-04T15:09:43.529+05:30  INFO 29408 --- [billing-payment-service] [AsyncResolver-bootstrap-executor-%d] [                                                 ] c.n.d.s.r.aws.ConfigClusterResolver      : Resolving eureka endpoints via configuration
2025-09-04T15:14:43.544+05:30  INFO 29408 --- [billing-payment-service] [AsyncResolver-bootstrap-executor-%d] [                                                 ] c.n.d.s.r.aws.ConfigClusterResolver      : Resolving eureka endpoints via configuration
2025-09-04T15:19:43.550+05:30  INFO 29408 --- [billing-payment-service] [AsyncResolver-bootstrap-executor-%d] [                                                 ] c.n.d.s.r.aws.ConfigClusterResolver      : Resolving eureka endpoints via configuration
2025-09-04T15:24:43.564+05:30  INFO 29408 --- [billing-payment-service] [AsyncResolver-bootstrap-executor-%d] [                                                 ] c.n.d.s.r.aws.ConfigClusterResolver      : Resolving eureka endpoints via configuration
2025-09-04T15:29:43.571+05:30  INFO 29408 --- [billing-payment-service] [AsyncResolver-bootstrap-executor-%d] [                                                 ] c.n.d.s.r.aws.ConfigClusterResolver      : Resolving eureka endpoints via configuration
2025-09-04T15:34:43.575+05:30  INFO 29408 --- [billing-payment-service] [AsyncResolver-bootstrap-executor-%d] [                                                 ] c.n.d.s.r.aws.ConfigClusterResolver      : Resolving eureka endpoints via configuration
2025-09-04T15:39:43.584+05:30  INFO 29408 --- [billing-payment-service] [AsyncResolver-bootstrap-executor-%d] [                                                 ] c.n.d.s.r.aws.ConfigClusterResolver      : Resolving eureka endpoints via configuration
2025-09-04T15:44:43.587+05:30  INFO 29408 --- [billing-payment-service] [AsyncResolver-bootstrap-executor-%d] [                                                 ] c.n.d.s.r.aws.ConfigClusterResolver      : Resolving eureka endpoints via configuration
2025-09-04T15:49:43.601+05:30  INFO 29408 --- [billing-payment-service] [AsyncResolver-bootstrap-executor-%d] [                                                 ] c.n.d.s.r.aws.ConfigClusterResolver      : Resolving eureka endpoints via configuration
2025-09-04T15:54:43.604+05:30  INFO 29408 --- [billing-payment-service] [AsyncResolver-bootstrap-executor-%d] [                                                 ] c.n.d.s.r.aws.ConfigClusterResolver      : Resolving eureka endpoints via configuration
2025-09-04T15:59:43.614+05:30  INFO 29408 --- [billing-payment-service] [AsyncResolver-bootstrap-executor-%d] [                                                 ] c.n.d.s.r.aws.ConfigClusterResolver      : Resolving eureka endpoints via configuration
2025-09-04T16:04:43.625+05:30  INFO 29408 --- [billing-payment-service] [AsyncResolver-bootstrap-executor-%d] [                                                 ] c.n.d.s.r.aws.ConfigClusterResolver      : Resolving eureka endpoints via configuration
2025-09-04T16:06:08.846+05:30  INFO 29408 --- [billing-payment-service] [http-nio-8085-exec-2] [68b96b9849bef4a1914e2d1069aba49f-914e2d1069aba49f] c.wipro.komal.billing.aop.LoggingAspect  : Entering: BillingController.getAll() with args []
2025-09-04T16:06:08.853+05:30  INFO 29408 --- [billing-payment-service] [http-nio-8085-exec-2] [68b96b9849bef4a1914e2d1069aba49f-914e2d1069aba49f] c.wipro.komal.billing.aop.LoggingAspect  : Entering: BillingServiceImpl.getAll() with args []
2025-09-04T16:06:09.725+05:30  INFO 29408 --- [billing-payment-service] [http-nio-8085-exec-2] [68b96b9849bef4a1914e2d1069aba49f-914e2d1069aba49f] c.wipro.komal.billing.aop.LoggingAspect  : Exiting: BillingServiceImpl.getAll() with result [BillingRecord(id=1, patientId=1, appointmentId=1, amount=500.00, status=PAID, issuedOn=2025-08-16T02:33:11.720530), BillingRecord(id=2, patientId=2, appointmentId=3, amount=750.00, status=PAID, issuedOn=2025-08-16T02:37:01.021298), BillingRecord(id=3, patientId=3, appointmentId=4, amount=1750.00, status=PAID, issuedOn=2025-08-16T02:38:08.127753), BillingRecord(id=4, patientId=4, appointmentId=5, amount=900.00, status=PENDING, issuedOn=2025-08-16T02:39:35.057239), BillingRecord(id=5, patientId=5, appointmentId=4, amount=300.00, status=PENDING, issuedOn=2025-08-16T02:41:10.008008), BillingRecord(id=6, patientId=1, appointmentId=1, amount=500.00, status=PENDING, issuedOn=2025-08-31T19:11:01.780875), BillingRecord(id=7, patientId=5, appointmentId=4, amount=900.00, status=PENDING, issuedOn=2025-09-01T02:50:12.809577), BillingRecord(id=8, patientId=6, appointmentId=4, amount=900.00, status=PENDING, issuedOn=2025-09-01T02:50:40.354569), BillingRecord(id=9, patientId=6, appointmentId=6, amount=777.00, status=PAID, issuedOn=2025-09-01T02:57:34.526753)]
2025-09-04T16:06:09.734+05:30  INFO 29408 --- [billing-payment-service] [http-nio-8085-exec-2] [68b96b9849bef4a1914e2d1069aba49f-914e2d1069aba49f] c.wipro.komal.billing.aop.LoggingAspect  : Exiting: BillingController.getAll() with result [BillingRecord(id=1, patientId=1, appointmentId=1, amount=500.00, status=PAID, issuedOn=2025-08-16T02:33:11.720530), BillingRecord(id=2, patientId=2, appointmentId=3, amount=750.00, status=PAID, issuedOn=2025-08-16T02:37:01.021298), BillingRecord(id=3, patientId=3, appointmentId=4, amount=1750.00, status=PAID, issuedOn=2025-08-16T02:38:08.127753), BillingRecord(id=4, patientId=4, appointmentId=5, amount=900.00, status=PENDING, issuedOn=2025-08-16T02:39:35.057239), BillingRecord(id=5, patientId=5, appointmentId=4, amount=300.00, status=PENDING, issuedOn=2025-08-16T02:41:10.008008), BillingRecord(id=6, patientId=1, appointmentId=1, amount=500.00, status=PENDING, issuedOn=2025-08-31T19:11:01.780875), BillingRecord(id=7, patientId=5, appointmentId=4, amount=900.00, status=PENDING, issuedOn=2025-09-01T02:50:12.809577), BillingRecord(id=8, patientId=6, appointmentId=4, amount=900.00, status=PENDING, issuedOn=2025-09-01T02:50:40.354569), BillingRecord(id=9, patientId=6, appointmentId=6, amount=777.00, status=PAID, issuedOn=2025-09-01T02:57:34.526753)]
2025-09-04T16:09:43.639+05:30  INFO 29408 --- [billing-payment-service] [AsyncResolver-bootstrap-executor-%d] [                                                 ] c.n.d.s.r.aws.ConfigClusterResolver      : Resolving eureka endpoints via configuration
2025-09-04T16:10:15.429+05:30  INFO 29408 --- [billing-payment-service] [http-nio-8085-exec-1] [68b96c8ff07d69be2dea4518dc79c319-2dea4518dc79c319] c.wipro.komal.billing.aop.LoggingAspect  : Entering: BillingController.getAll() with args []
2025-09-04T16:10:15.432+05:30  INFO 29408 --- [billing-payment-service] [http-nio-8085-exec-1] [68b96c8ff07d69be2dea4518dc79c319-2dea4518dc79c319] c.wipro.komal.billing.aop.LoggingAspect  : Entering: BillingServiceImpl.getAll() with args []
2025-09-04T16:10:15.455+05:30  INFO 29408 --- [billing-payment-service] [http-nio-8085-exec-1] [68b96c8ff07d69be2dea4518dc79c319-2dea4518dc79c319] c.wipro.komal.billing.aop.LoggingAspect  : Exiting: BillingServiceImpl.getAll() with result [BillingRecord(id=1, patientId=1, appointmentId=1, amount=500.00, status=PAID, issuedOn=2025-08-16T02:33:11.720530), BillingRecord(id=2, patientId=2, appointmentId=3, amount=750.00, status=PAID, issuedOn=2025-08-16T02:37:01.021298), BillingRecord(id=3, patientId=3, appointmentId=4, amount=1750.00, status=PAID, issuedOn=2025-08-16T02:38:08.127753), BillingRecord(id=4, patientId=4, appointmentId=5, amount=900.00, status=PENDING, issuedOn=2025-08-16T02:39:35.057239), BillingRecord(id=5, patientId=5, appointmentId=4, amount=300.00, status=PENDING, issuedOn=2025-08-16T02:41:10.008008), BillingRecord(id=6, patientId=1, appointmentId=1, amount=500.00, status=PENDING, issuedOn=2025-08-31T19:11:01.780875), BillingRecord(id=7, patientId=5, appointmentId=4, amount=900.00, status=PENDING, issuedOn=2025-09-01T02:50:12.809577), BillingRecord(id=8, patientId=6, appointmentId=4, amount=900.00, status=PENDING, issuedOn=2025-09-01T02:50:40.354569), BillingRecord(id=9, patientId=6, appointmentId=6, amount=777.00, status=PAID, issuedOn=2025-09-01T02:57:34.526753)]
2025-09-04T16:10:15.456+05:30  INFO 29408 --- [billing-payment-service] [http-nio-8085-exec-1] [68b96c8ff07d69be2dea4518dc79c319-2dea4518dc79c319] c.wipro.komal.billing.aop.LoggingAspect  : Exiting: BillingController.getAll() with result [BillingRecord(id=1, patientId=1, appointmentId=1, amount=500.00, status=PAID, issuedOn=2025-08-16T02:33:11.720530), BillingRecord(id=2, patientId=2, appointmentId=3, amount=750.00, status=PAID, issuedOn=2025-08-16T02:37:01.021298), BillingRecord(id=3, patientId=3, appointmentId=4, amount=1750.00, status=PAID, issuedOn=2025-08-16T02:38:08.127753), BillingRecord(id=4, patientId=4, appointmentId=5, amount=900.00, status=PENDING, issuedOn=2025-08-16T02:39:35.057239), BillingRecord(id=5, patientId=5, appointmentId=4, amount=300.00, status=PENDING, issuedOn=2025-08-16T02:41:10.008008), BillingRecord(id=6, patientId=1, appointmentId=1, amount=500.00, status=PENDING, issuedOn=2025-08-31T19:11:01.780875), BillingRecord(id=7, patientId=5, appointmentId=4, amount=900.00, status=PENDING, issuedOn=2025-09-01T02:50:12.809577), BillingRecord(id=8, patientId=6, appointmentId=4, amount=900.00, status=PENDING, issuedOn=2025-09-01T02:50:40.354569), BillingRecord(id=9, patientId=6, appointmentId=6, amount=777.00, status=PAID, issuedOn=2025-09-01T02:57:34.526753)]
2025-09-04T16:12:18.601+05:30  INFO 29408 --- [billing-payment-service] [http-nio-8085-exec-3] [68b96d0a17eb0b63b79783d1a1b99eef-b79783d1a1b99eef] c.wipro.komal.billing.aop.LoggingAspect  : Entering: BillingController.getAll() with args []
2025-09-04T16:12:18.602+05:30  INFO 29408 --- [billing-payment-service] [http-nio-8085-exec-3] [68b96d0a17eb0b63b79783d1a1b99eef-b79783d1a1b99eef] c.wipro.komal.billing.aop.LoggingAspect  : Entering: BillingServiceImpl.getAll() with args []
2025-09-04T16:12:18.619+05:30  INFO 29408 --- [billing-payment-service] [http-nio-8085-exec-3] [68b96d0a17eb0b63b79783d1a1b99eef-b79783d1a1b99eef] c.wipro.komal.billing.aop.LoggingAspect  : Exiting: BillingServiceImpl.getAll() with result [BillingRecord(id=1, patientId=1, appointmentId=1, amount=500.00, status=PAID, issuedOn=2025-08-16T02:33:11.720530), BillingRecord(id=2, patientId=2, appointmentId=3, amount=750.00, status=PAID, issuedOn=2025-08-16T02:37:01.021298), BillingRecord(id=3, patientId=3, appointmentId=4, amount=1750.00, status=PAID, issuedOn=2025-08-16T02:38:08.127753), BillingRecord(id=4, patientId=4, appointmentId=5, amount=900.00, status=PENDING, issuedOn=2025-08-16T02:39:35.057239), BillingRecord(id=5, patientId=5, appointmentId=4, amount=300.00, status=PENDING, issuedOn=2025-08-16T02:41:10.008008), BillingRecord(id=6, patientId=1, appointmentId=1, amount=500.00, status=PENDING, issuedOn=2025-08-31T19:11:01.780875), BillingRecord(id=7, patientId=5, appointmentId=4, amount=900.00, status=PENDING, issuedOn=2025-09-01T02:50:12.809577), BillingRecord(id=8, patientId=6, appointmentId=4, amount=900.00, status=PENDING, issuedOn=2025-09-01T02:50:40.354569), BillingRecord(id=9, patientId=6, appointmentId=6, amount=777.00, status=PAID, issuedOn=2025-09-01T02:57:34.526753)]
2025-09-04T16:12:18.620+05:30  INFO 29408 --- [billing-payment-service] [http-nio-8085-exec-3] [68b96d0a17eb0b63b79783d1a1b99eef-b79783d1a1b99eef] c.wipro.komal.billing.aop.LoggingAspect  : Exiting: BillingController.getAll() with result [BillingRecord(id=1, patientId=1, appointmentId=1, amount=500.00, status=PAID, issuedOn=2025-08-16T02:33:11.720530), BillingRecord(id=2, patientId=2, appointmentId=3, amount=750.00, status=PAID, issuedOn=2025-08-16T02:37:01.021298), BillingRecord(id=3, patientId=3, appointmentId=4, amount=1750.00, status=PAID, issuedOn=2025-08-16T02:38:08.127753), BillingRecord(id=4, patientId=4, appointmentId=5, amount=900.00, status=PENDING, issuedOn=2025-08-16T02:39:35.057239), BillingRecord(id=5, patientId=5, appointmentId=4, amount=300.00, status=PENDING, issuedOn=2025-08-16T02:41:10.008008), BillingRecord(id=6, patientId=1, appointmentId=1, amount=500.00, status=PENDING, issuedOn=2025-08-31T19:11:01.780875), BillingRecord(id=7, patientId=5, appointmentId=4, amount=900.00, status=PENDING, issuedOn=2025-09-01T02:50:12.809577), BillingRecord(id=8, patientId=6, appointmentId=4, amount=900.00, status=PENDING, issuedOn=2025-09-01T02:50:40.354569), BillingRecord(id=9, patientId=6, appointmentId=6, amount=777.00, status=PAID, issuedOn=2025-09-01T02:57:34.526753)]
2025-09-04T16:14:43.649+05:30  INFO 29408 --- [billing-payment-service] [AsyncResolver-bootstrap-executor-%d] [                                                 ] c.n.d.s.r.aws.ConfigClusterResolver      : Resolving eureka endpoints via configuration
2025-09-04T16:19:43.654+05:30  INFO 29408 --- [billing-payment-service] [AsyncResolver-bootstrap-executor-%d] [                                                 ] c.n.d.s.r.aws.ConfigClusterResolver      : Resolving eureka endpoints via configuration
2025-09-04T16:24:43.665+05:30  INFO 29408 --- [billing-payment-service] [AsyncResolver-bootstrap-executor-%d] [                                                 ] c.n.d.s.r.aws.ConfigClusterResolver      : Resolving eureka endpoints via configuration
2025-09-04T16:44:50.834+05:30  WARN 29408 --- [billing-payment-service] [HikariPool-1:housekeeper] [                                                 ] com.zaxxer.hikari.pool.HikariPool        : HikariPool-1 - Thread starvation or clock leap detected (housekeeper delta=19m54s372ms20µs400ns).
2025-09-04T16:49:08.025+05:30  INFO 29408 --- [billing-payment-service] [AsyncResolver-bootstrap-executor-%d] [                                                 ] c.n.d.s.r.aws.ConfigClusterResolver      : Resolving eureka endpoints via configuration
2025-09-04T16:54:08.029+05:30  INFO 29408 --- [billing-payment-service] [AsyncResolver-bootstrap-executor-%d] [                                                 ] c.n.d.s.r.aws.ConfigClusterResolver      : Resolving eureka endpoints via configuration
2025-09-04T16:59:08.037+05:30  INFO 29408 --- [billing-payment-service] [AsyncResolver-bootstrap-executor-%d] [                                                 ] c.n.d.s.r.aws.ConfigClusterResolver      : Resolving eureka endpoints via configuration
2025-09-04T17:04:08.048+05:30  INFO 29408 --- [billing-payment-service] [AsyncResolver-bootstrap-executor-%d] [                                                 ] c.n.d.s.r.aws.ConfigClusterResolver      : Resolving eureka endpoints via configuration
2025-09-04T17:06:21.711+05:30  INFO 29408 --- [billing-payment-service] [File Watcher] [                                                 ] rtingClassPathChangeChangedEventListener : Restarting due to 3 class path changes (0 additions, 0 deletions, 3 modifications)
2025-09-04T17:06:21.777+05:30  INFO 29408 --- [billing-payment-service] [Thread-5] [                                                 ] o.s.c.n.e.s.EurekaServiceRegistry        : Unregistering application BILLING-PAYMENT-SERVICE with eureka with status DOWN
2025-09-04T17:06:21.778+05:30  INFO 29408 --- [billing-payment-service] [Thread-5] [                                                 ] com.netflix.discovery.DiscoveryClient    : Saw local status change event StatusChangeEvent [timestamp=1756985781778, current=DOWN, previous=UP]
2025-09-04T17:06:21.781+05:30  INFO 29408 --- [billing-payment-service] [DiscoveryClient-InstanceInfoReplicator-%d] [                                                 ] com.netflix.discovery.DiscoveryClient    : DiscoveryClient_BILLING-PAYMENT-SERVICE/LAPTOP-HPLJP7AG:billing-payment-service:8085: registering service...
2025-09-04T17:06:21.822+05:30  INFO 29408 --- [billing-payment-service] [DiscoveryClient-InstanceInfoReplicator-%d] [                                                 ] com.netflix.discovery.DiscoveryClient    : DiscoveryClient_BILLING-PAYMENT-SERVICE/LAPTOP-HPLJP7AG:billing-payment-service:8085 - registration status: 204
2025-09-04T17:06:21.894+05:30  INFO 29408 --- [billing-payment-service] [Thread-5] [                                                 ] o.s.b.w.e.tomcat.GracefulShutdown        : Commencing graceful shutdown. Waiting for active requests to complete
2025-09-04T17:06:21.933+05:30  INFO 29408 --- [billing-payment-service] [tomcat-shutdown] [                                                 ] o.s.b.w.e.tomcat.GracefulShutdown        : Graceful shutdown complete
2025-09-04T17:06:22.068+05:30  INFO 29408 --- [billing-payment-service] [Thread-5] [                                                 ] j.LocalContainerEntityManagerFactoryBean : Closing JPA EntityManagerFactory for persistence unit 'default'
2025-09-04T17:06:22.157+05:30  INFO 29408 --- [billing-payment-service] [Thread-5] [                                                 ] com.zaxxer.hikari.HikariDataSource       : HikariPool-1 - Shutdown initiated...
2025-09-04T17:06:22.176+05:30  INFO 29408 --- [billing-payment-service] [Thread-5] [                                                 ] com.zaxxer.hikari.HikariDataSource       : HikariPool-1 - Shutdown completed.
2025-09-04T17:06:23.140+05:30  INFO 29408 --- [billing-payment-service] [Thread-5] [                                                 ] com.netflix.discovery.DiscoveryClient    : Shutting down DiscoveryClient ...
2025-09-04T17:06:26.143+05:30  INFO 29408 --- [billing-payment-service] [Thread-5] [                                                 ] com.netflix.discovery.DiscoveryClient    : Unregistering ...
2025-09-04T17:06:26.177+05:30  INFO 29408 --- [billing-payment-service] [Thread-5] [                                                 ] com.netflix.discovery.DiscoveryClient    : DiscoveryClient_BILLING-PAYMENT-SERVICE/LAPTOP-HPLJP7AG:billing-payment-service:8085 - deregister  status: 200
2025-09-04T17:06:26.178+05:30  INFO 29408 --- [billing-payment-service] [Thread-5] [                                                 ] com.netflix.discovery.DiscoveryClient    : Completed shut down of DiscoveryClient
2025-09-04T17:06:30.194+05:30  INFO 29408 --- [billing-payment-service] [restartedMain] [                                                 ] c.w.k.b.BillingPaymentServiceApplication : Starting BillingPaymentServiceApplication using Java 21.0.7 with PID 29408 (C:\sts-4.31.0.RELEASE\MiniProject1\billing-payment-service\target\classes started by Komal in C:\sts-4.31.0.RELEASE\MiniProject1\billing-payment-service)
2025-09-04T17:06:30.195+05:30  INFO 29408 --- [billing-payment-service] [restartedMain] [                                                 ] c.w.k.b.BillingPaymentServiceApplication : No active profile set, falling back to 1 default profile: "default"
2025-09-04T17:06:30.200+05:30  INFO 29408 --- [billing-payment-service] [restartedMain] [                                                 ] o.s.c.c.c.ConfigServerConfigDataLoader   : Fetching config from server at : http://localhost:9094
2025-09-04T17:06:30.200+05:30  INFO 29408 --- [billing-payment-service] [restartedMain] [                                                 ] o.s.c.c.c.ConfigServerConfigDataLoader   : Located environment: name=billing-payment-service, profiles=[default], label=null, version=793ed0c096cee40cfc4d43364491e1f98fde61bf, state=
2025-09-04T17:06:31.462+05:30  INFO 29408 --- [billing-payment-service] [restartedMain] [                                                 ] .s.d.r.c.RepositoryConfigurationDelegate : Bootstrapping Spring Data JPA repositories in DEFAULT mode.
2025-09-04T17:06:31.490+05:30  INFO 29408 --- [billing-payment-service] [restartedMain] [                                                 ] .s.d.r.c.RepositoryConfigurationDelegate : Finished Spring Data repository scanning in 25 ms. Found 1 JPA repository interface.
2025-09-04T17:06:31.728+05:30  INFO 29408 --- [billing-payment-service] [restartedMain] [                                                 ] o.s.cloud.context.scope.GenericScope     : BeanFactory id=9bac627c-398e-3288-80c1-8dbc08c5f29d
2025-09-04T17:06:32.223+05:30  INFO 29408 --- [billing-payment-service] [restartedMain] [                                                 ] o.s.b.w.embedded.tomcat.TomcatWebServer  : Tomcat initialized with port 8085 (http)
2025-09-04T17:06:32.226+05:30  INFO 29408 --- [billing-payment-service] [restartedMain] [                                                 ] o.apache.catalina.core.StandardService   : Starting service [Tomcat]
2025-09-04T17:06:32.227+05:30  INFO 29408 --- [billing-payment-service] [restartedMain] [                                                 ] o.apache.catalina.core.StandardEngine    : Starting Servlet engine: [Apache Tomcat/10.1.43]
2025-09-04T17:06:32.287+05:30  INFO 29408 --- [billing-payment-service] [restartedMain] [                                                 ] o.a.c.c.C.[Tomcat].[localhost].[/]       : Initializing Spring embedded WebApplicationContext
2025-09-04T17:06:32.288+05:30  INFO 29408 --- [billing-payment-service] [restartedMain] [                                                 ] w.s.c.ServletWebServerApplicationContext : Root WebApplicationContext: initialization completed in 2088 ms
2025-09-04T17:06:33.181+05:30  INFO 29408 --- [billing-payment-service] [restartedMain] [                                                 ] o.hibernate.jpa.internal.util.LogHelper  : HHH000204: Processing PersistenceUnitInfo [name: default]
2025-09-04T17:06:33.187+05:30  INFO 29408 --- [billing-payment-service] [restartedMain] [                                                 ] o.h.c.internal.RegionFactoryInitiator    : HHH000026: Second-level cache disabled
2025-09-04T17:06:33.212+05:30  INFO 29408 --- [billing-payment-service] [restartedMain] [                                                 ] o.s.o.j.p.SpringPersistenceUnitInfo      : No LoadTimeWeaver setup: ignoring JPA class transformer
2025-09-04T17:06:33.214+05:30  INFO 29408 --- [billing-payment-service] [restartedMain] [                                                 ] com.zaxxer.hikari.HikariDataSource       : HikariPool-2 - Starting...
2025-09-04T17:06:33.225+05:30  INFO 29408 --- [billing-payment-service] [restartedMain] [                                                 ] com.zaxxer.hikari.pool.HikariPool        : HikariPool-2 - Added connection com.mysql.cj.jdbc.ConnectionImpl@6680a21
2025-09-04T17:06:33.225+05:30  INFO 29408 --- [billing-payment-service] [restartedMain] [                                                 ] com.zaxxer.hikari.HikariDataSource       : HikariPool-2 - Start completed.
2025-09-04T17:06:33.230+05:30  WARN 29408 --- [billing-payment-service] [restartedMain] [                                                 ] org.hibernate.orm.deprecation            : HHH90000025: MySQLDialect does not need to be specified explicitly using 'hibernate.dialect' (remove the property setting and it will be selected by default)
2025-09-04T17:06:33.231+05:30  INFO 29408 --- [billing-payment-service] [restartedMain] [                                                 ] org.hibernate.orm.connections.pooling    : HHH10001005: Database info:
	Database JDBC URL [Connecting through datasource 'HikariDataSource (HikariPool-2)']
	Database driver: undefined/unknown
	Database version: 8.0.41
	Autocommit mode: undefined/unknown
	Isolation level: undefined/unknown
	Minimum pool size: undefined/unknown
	Maximum pool size: undefined/unknown
2025-09-04T17:06:33.347+05:30  INFO 29408 --- [billing-payment-service] [restartedMain] [                                                 ] o.h.e.t.j.p.i.JtaPlatformInitiator       : HHH000489: No JTA platform available (set 'hibernate.transaction.jta.platform' to enable JTA platform integration)
2025-09-04T17:06:33.367+05:30  INFO 29408 --- [billing-payment-service] [restartedMain] [                                                 ] j.LocalContainerEntityManagerFactoryBean : Initialized JPA EntityManagerFactory for persistence unit 'default'
2025-09-04T17:06:33.993+05:30  WARN 29408 --- [billing-payment-service] [restartedMain] [                                                 ] JpaBaseConfiguration$JpaWebConfiguration : spring.jpa.open-in-view is enabled by default. Therefore, database queries may be performed during view rendering. Explicitly configure spring.jpa.open-in-view to disable this warning
2025-09-04T17:06:34.184+05:30  INFO 29408 --- [billing-payment-service] [restartedMain] [                                                 ] o.s.b.d.a.OptionalLiveReloadServer       : LiveReload server is running on port 35729
2025-09-04T17:06:34.258+05:30  INFO 29408 --- [billing-payment-service] [restartedMain] [                                                 ] o.s.c.openfeign.FeignClientFactoryBean   : For 'patient-service' URL not provided. Will try picking an instance via load-balancing.
2025-09-04T17:06:34.352+05:30  INFO 29408 --- [billing-payment-service] [restartedMain] [                                                 ] o.s.c.openfeign.FeignClientFactoryBean   : For 'appointment-service' URL not provided. Will try picking an instance via load-balancing.
2025-09-04T17:06:36.663+05:30  INFO 29408 --- [billing-payment-service] [restartedMain] [                                                 ] DiscoveryClientOptionalArgsConfiguration : Eureka HTTP Client uses RestTemplate.
2025-09-04T17:06:36.774+05:30  WARN 29408 --- [billing-payment-service] [restartedMain] [                                                 ] iguration$LoadBalancerCaffeineWarnLogger : Spring Cloud LoadBalancer is currently working with the default cache. While this cache implementation is useful for development and tests, it's recommended to use Caffeine cache in production.You can switch to using Caffeine cache, by adding it and org.springframework.cache.caffeine.CaffeineCacheManager to the classpath.
2025-09-04T17:06:36.816+05:30  INFO 29408 --- [billing-payment-service] [restartedMain] [                                                 ] o.s.b.a.e.web.EndpointLinksResolver      : Exposing 28 endpoints beneath base path '/actuator'
2025-09-04T17:06:36.914+05:30  INFO 29408 --- [billing-payment-service] [restartedMain] [                                                 ] o.s.c.n.eureka.InstanceInfoFactory       : Setting initial instance status as: STARTING
2025-09-04T17:06:36.922+05:30  INFO 29408 --- [billing-payment-service] [restartedMain] [                                                 ] com.netflix.discovery.DiscoveryClient    : Initializing Eureka in region us-east-1
2025-09-04T17:06:36.922+05:30  INFO 29408 --- [billing-payment-service] [restartedMain] [                                                 ] c.n.d.s.r.aws.ConfigClusterResolver      : Resolving eureka endpoints via configuration
2025-09-04T17:06:36.923+05:30  INFO 29408 --- [billing-payment-service] [restartedMain] [                                                 ] com.netflix.discovery.DiscoveryClient    : Disable delta property : false
2025-09-04T17:06:36.923+05:30  INFO 29408 --- [billing-payment-service] [restartedMain] [                                                 ] com.netflix.discovery.DiscoveryClient    : Single vip registry refresh property : null
2025-09-04T17:06:36.923+05:30  INFO 29408 --- [billing-payment-service] [restartedMain] [                                                 ] com.netflix.discovery.DiscoveryClient    : Force full registry fetch : false
2025-09-04T17:06:36.923+05:30  INFO 29408 --- [billing-payment-service] [restartedMain] [                                                 ] com.netflix.discovery.DiscoveryClient    : Application is null : false
2025-09-04T17:06:36.923+05:30  INFO 29408 --- [billing-payment-service] [restartedMain] [                                                 ] com.netflix.discovery.DiscoveryClient    : Registered Applications size is zero : true
2025-09-04T17:06:36.923+05:30  INFO 29408 --- [billing-payment-service] [restartedMain] [                                                 ] com.netflix.discovery.DiscoveryClient    : Application version is -1: true
2025-09-04T17:06:36.923+05:30  INFO 29408 --- [billing-payment-service] [restartedMain] [                                                 ] com.netflix.discovery.DiscoveryClient    : Getting all instance registry info from the eureka server
2025-09-04T17:06:36.985+05:30  INFO 29408 --- [billing-payment-service] [restartedMain] [                                                 ] com.netflix.discovery.DiscoveryClient    : The response status is 200
2025-09-04T17:06:36.986+05:30  INFO 29408 --- [billing-payment-service] [restartedMain] [                                                 ] com.netflix.discovery.DiscoveryClient    : Starting heartbeat executor: renew interval is: 30
2025-09-04T17:06:36.986+05:30  INFO 29408 --- [billing-payment-service] [restartedMain] [                                                 ] c.n.discovery.InstanceInfoReplicator     : InstanceInfoReplicator onDemand update allowed rate per min is 4
2025-09-04T17:06:36.987+05:30  INFO 29408 --- [billing-payment-service] [restartedMain] [                                                 ] com.netflix.discovery.DiscoveryClient    : Discovery Client initialized at timestamp 1756985796987 with initial instances count: 8
2025-09-04T17:06:37.005+05:30  INFO 29408 --- [billing-payment-service] [restartedMain] [                                                 ] o.s.c.n.e.s.EurekaServiceRegistry        : Registering application BILLING-PAYMENT-SERVICE with eureka with status UP
2025-09-04T17:06:37.005+05:30  INFO 29408 --- [billing-payment-service] [restartedMain] [                                                 ] com.netflix.discovery.DiscoveryClient    : Saw local status change event StatusChangeEvent [timestamp=1756985797005, current=UP, previous=STARTING]
2025-09-04T17:06:37.005+05:30  INFO 29408 --- [billing-payment-service] [DiscoveryClient-InstanceInfoReplicator-%d] [                                                 ] com.netflix.discovery.DiscoveryClient    : DiscoveryClient_BILLING-PAYMENT-SERVICE/LAPTOP-HPLJP7AG:billing-payment-service:8085: registering service...
2025-09-04T17:06:37.011+05:30  INFO 29408 --- [billing-payment-service] [restartedMain] [                                                 ] o.s.b.w.embedded.tomcat.TomcatWebServer  : Tomcat started on port 8085 (http) with context path '/'
2025-09-04T17:06:37.012+05:30  INFO 29408 --- [billing-payment-service] [restartedMain] [                                                 ] .s.c.n.e.s.EurekaAutoServiceRegistration : Updating port to 8085
2025-09-04T17:06:37.025+05:30  INFO 29408 --- [billing-payment-service] [DiscoveryClient-InstanceInfoReplicator-%d] [                                                 ] com.netflix.discovery.DiscoveryClient    : DiscoveryClient_BILLING-PAYMENT-SERVICE/LAPTOP-HPLJP7AG:billing-payment-service:8085 - registration status: 204
2025-09-04T17:06:37.038+05:30  INFO 29408 --- [billing-payment-service] [restartedMain] [                                                 ] c.w.k.b.BillingPaymentServiceApplication : Started BillingPaymentServiceApplication in 10.435 seconds (process running for 16945.165)
2025-09-04T17:06:37.046+05:30  INFO 29408 --- [billing-payment-service] [restartedMain] [                                                 ] .ConditionEvaluationDeltaLoggingListener : Condition evaluation unchanged
2025-09-04T17:06:37.997+05:30  WARN 29408 --- [billing-payment-service] [AsyncReporter{ZipkinHttpClientSender{http://localhost:9411/api/v2/spans}}] [                                                 ] z.r.i.AsyncReporter$BoundedAsyncReporter : Spans were dropped due to exceptions. All subsequent errors will be logged at FINE level.
2025-09-04T17:06:37.997+05:30  WARN 29408 --- [billing-payment-service] [AsyncReporter{ZipkinHttpClientSender{http://localhost:9411/api/v2/spans}}] [                                                 ] z.r.i.AsyncReporter$BoundedAsyncReporter : Dropped 2 spans due to ConnectException()

java.net.ConnectException: null
	at java.net.http/jdk.internal.net.http.HttpClientImpl.send(HttpClientImpl.java:952) ~[java.net.http:na]
	at java.net.http/jdk.internal.net.http.HttpClientFacade.send(HttpClientFacade.java:133) ~[java.net.http:na]
	at org.springframework.boot.actuate.autoconfigure.tracing.zipkin.ZipkinHttpClientSender.postSpans(ZipkinHttpClientSender.java:60) ~[spring-boot-actuator-autoconfigure-3.5.4.jar:3.5.4]
	at org.springframework.boot.actuate.autoconfigure.tracing.zipkin.HttpSender.postSpans(HttpSender.java:69) ~[spring-boot-actuator-autoconfigure-3.5.4.jar:3.5.4]
	at org.springframework.boot.actuate.autoconfigure.tracing.zipkin.HttpSender.postSpans(HttpSender.java:41) ~[spring-boot-actuator-autoconfigure-3.5.4.jar:3.5.4]
	at zipkin2.reporter.BaseHttpSender.send(BaseHttpSender.java:123) ~[zipkin-reporter-3.5.1.jar:na]
	at zipkin2.reporter.internal.AsyncReporter$BoundedAsyncReporter.flush(AsyncReporter.java:266) ~[zipkin-reporter-3.5.1.jar:na]
	at zipkin2.reporter.internal.AsyncReporter$Flusher.run(AsyncReporter.java:352) ~[zipkin-reporter-3.5.1.jar:na]
	at java.base/java.lang.Thread.run(Thread.java:1583) ~[na:na]
Caused by: java.net.ConnectException: null
	at java.net.http/jdk.internal.net.http.common.Utils.toConnectException(Utils.java:1041) ~[java.net.http:na]
	at java.net.http/jdk.internal.net.http.PlainHttpConnection.connectAsync(PlainHttpConnection.java:227) ~[java.net.http:na]
	at java.net.http/jdk.internal.net.http.PlainHttpConnection.checkRetryConnect(PlainHttpConnection.java:280) ~[java.net.http:na]
	at java.net.http/jdk.internal.net.http.PlainHttpConnection.lambda$connectAsync$2(PlainHttpConnection.java:238) ~[java.net.http:na]
	at java.base/java.util.concurrent.CompletableFuture.uniHandle(CompletableFuture.java:934) ~[na:na]
	at java.base/java.util.concurrent.CompletableFuture$UniHandle.tryFire(CompletableFuture.java:911) ~[na:na]
	at java.base/java.util.concurrent.CompletableFuture.postComplete(CompletableFuture.java:510) ~[na:na]
	at java.base/java.util.concurrent.CompletableFuture$AsyncSupply.run(CompletableFuture.java:1773) ~[na:na]
	at java.base/java.util.concurrent.ThreadPoolExecutor.runWorker(ThreadPoolExecutor.java:1144) ~[na:na]
	at java.base/java.util.concurrent.ThreadPoolExecutor$Worker.run(ThreadPoolExecutor.java:642) ~[na:na]
	... 1 common frames omitted
Caused by: java.nio.channels.ClosedChannelException: null
	at java.base/sun.nio.ch.SocketChannelImpl.ensureOpen(SocketChannelImpl.java:202) ~[na:na]
	at java.base/sun.nio.ch.SocketChannelImpl.beginConnect(SocketChannelImpl.java:786) ~[na:na]
	at java.base/sun.nio.ch.SocketChannelImpl.connect(SocketChannelImpl.java:874) ~[na:na]
	at java.net.http/jdk.internal.net.http.PlainHttpConnection.lambda$connectAsync$1(PlainHttpConnection.java:210) ~[java.net.http:na]
	at java.base/java.security.AccessController.doPrivileged(AccessController.java:571) ~[na:na]
	at java.net.http/jdk.internal.net.http.PlainHttpConnection.connectAsync(PlainHttpConnection.java:212) ~[java.net.http:na]
	... 9 common frames omitted

2025-09-04T17:11:36.939+05:30  INFO 29408 --- [billing-payment-service] [AsyncResolver-bootstrap-executor-%d] [                                                 ] c.n.d.s.r.aws.ConfigClusterResolver      : Resolving eureka endpoints via configuration
