2025-09-04T00:00:33.051+05:30  INFO 22008 --- [appointment-service] [AsyncResolver-bootstrap-executor-%d] [                                                 ] c.n.d.s.r.aws.ConfigClusterResolver      : Resolving eureka endpoints via configuration
2025-09-04T00:05:33.067+05:30  INFO 22008 --- [appointment-service] [AsyncResolver-bootstrap-executor-%d] [                                                 ] c.n.d.s.r.aws.ConfigClusterResolver      : Resolving eureka endpoints via configuration
2025-09-04T00:10:33.067+05:30  INFO 22008 --- [appointment-service] [AsyncResolver-bootstrap-executor-%d] [                                                 ] c.n.d.s.r.aws.ConfigClusterResolver      : Resolving eureka endpoints via configuration
2025-09-04T00:19:04.204+05:30  WARN 22008 --- [appointment-service] [HikariPool-1:housekeeper] [                                                 ] com.zaxxer.hikari.pool.HikariPool        : HikariPool-1 - Thread starvation or clock leap detected (housekeeper delta=7m35s533ms834µs600ns).
2025-09-04T00:22:38.615+05:30  INFO 22008 --- [appointment-service] [AsyncResolver-bootstrap-executor-%d] [                                                 ] c.n.d.s.r.aws.ConfigClusterResolver      : Resolving eureka endpoints via configuration
2025-09-04T00:26:48.954+05:30  WARN 22008 --- [appointment-service] [HikariPool-1:housekeeper] [                                                 ] com.zaxxer.hikari.pool.HikariPool        : HikariPool-1 - Thread starvation or clock leap detected (housekeeper delta=2m14s641ms864µs200ns).
2025-09-04T00:29:35.526+05:30  INFO 22008 --- [appointment-service] [AsyncResolver-bootstrap-executor-%d] [                                                 ] c.n.d.s.r.aws.ConfigClusterResolver      : Resolving eureka endpoints via configuration
2025-09-04T00:32:42.821+05:30  WARN 22008 --- [appointment-service] [HikariPool-1:housekeeper] [                                                 ] com.zaxxer.hikari.pool.HikariPool        : HikariPool-1 - Thread starvation or clock leap detected (housekeeper delta=2m53s827ms991µs200ns).
2025-09-04T00:37:12.182+05:30  INFO 22008 --- [appointment-service] [AsyncResolver-bootstrap-executor-%d] [                                                 ] c.n.d.s.r.aws.ConfigClusterResolver      : Resolving eureka endpoints via configuration
2025-09-04T00:42:12.188+05:30  INFO 22008 --- [appointment-service] [AsyncResolver-bootstrap-executor-%d] [                                                 ] c.n.d.s.r.aws.ConfigClusterResolver      : Resolving eureka endpoints via configuration
2025-09-04T00:47:12.192+05:30  INFO 22008 --- [appointment-service] [AsyncResolver-bootstrap-executor-%d] [                                                 ] c.n.d.s.r.aws.ConfigClusterResolver      : Resolving eureka endpoints via configuration
2025-09-04T00:52:12.201+05:30  INFO 22008 --- [appointment-service] [AsyncResolver-bootstrap-executor-%d] [                                                 ] c.n.d.s.r.aws.ConfigClusterResolver      : Resolving eureka endpoints via configuration
2025-09-04T00:57:12.207+05:30  INFO 22008 --- [appointment-service] [AsyncResolver-bootstrap-executor-%d] [                                                 ] c.n.d.s.r.aws.ConfigClusterResolver      : Resolving eureka endpoints via configuration
2025-09-04T01:02:12.211+05:30  INFO 22008 --- [appointment-service] [AsyncResolver-bootstrap-executor-%d] [                                                 ] c.n.d.s.r.aws.ConfigClusterResolver      : Resolving eureka endpoints via configuration
2025-09-04T01:07:12.222+05:30  INFO 22008 --- [appointment-service] [AsyncResolver-bootstrap-executor-%d] [                                                 ] c.n.d.s.r.aws.ConfigClusterResolver      : Resolving eureka endpoints via configuration
2025-09-04T01:11:30.942+05:30  WARN 22008 --- [appointment-service] [HikariPool-1:housekeeper] [                                                 ] com.zaxxer.hikari.pool.HikariPool        : HikariPool-1 - Thread starvation or clock leap detected (housekeeper delta=1m17s584ms762µs800ns).
2025-09-04T01:13:03.599+05:30  INFO 22008 --- [appointment-service] [AsyncResolver-bootstrap-executor-%d] [                                                 ] c.n.d.s.r.aws.ConfigClusterResolver      : Resolving eureka endpoints via configuration
2025-09-04T01:18:03.604+05:30  INFO 22008 --- [appointment-service] [AsyncResolver-bootstrap-executor-%d] [                                                 ] c.n.d.s.r.aws.ConfigClusterResolver      : Resolving eureka endpoints via configuration
2025-09-04T01:23:03.622+05:30  INFO 22008 --- [appointment-service] [AsyncResolver-bootstrap-executor-%d] [                                                 ] c.n.d.s.r.aws.ConfigClusterResolver      : Resolving eureka endpoints via configuration
2025-09-04T01:28:03.629+05:30  INFO 22008 --- [appointment-service] [AsyncResolver-bootstrap-executor-%d] [                                                 ] c.n.d.s.r.aws.ConfigClusterResolver      : Resolving eureka endpoints via configuration
2025-09-04T01:29:32.207+05:30  INFO 22008 --- [appointment-service] [RMI TCP Connection(201)-127.0.0.1] [                                                 ] inMXBeanRegistrar$SpringApplicationAdmin : Application shutdown requested.
2025-09-04T01:29:32.220+05:30  INFO 22008 --- [appointment-service] [RMI TCP Connection(201)-127.0.0.1] [                                                 ] o.s.c.n.e.s.EurekaServiceRegistry        : Unregistering application APPOINTMENT-SERVICE with eureka with status DOWN
2025-09-04T01:29:32.220+05:30  INFO 22008 --- [appointment-service] [RMI TCP Connection(201)-127.0.0.1] [                                                 ] com.netflix.discovery.DiscoveryClient    : Saw local status change event StatusChangeEvent [timestamp=1756929572220, current=DOWN, previous=UP]
2025-09-04T01:29:32.221+05:30  INFO 22008 --- [appointment-service] [DiscoveryClient-InstanceInfoReplicator-%d] [                                                 ] com.netflix.discovery.DiscoveryClient    : DiscoveryClient_APPOINTMENT-SERVICE/LAPTOP-HPLJP7AG:appointment-service:8083: registering service...
2025-09-04T01:29:32.245+05:30  INFO 22008 --- [appointment-service] [DiscoveryClient-InstanceInfoReplicator-%d] [                                                 ] com.netflix.discovery.DiscoveryClient    : DiscoveryClient_APPOINTMENT-SERVICE/LAPTOP-HPLJP7AG:appointment-service:8083 - registration status: 204
2025-09-04T01:29:32.252+05:30  INFO 22008 --- [appointment-service] [RMI TCP Connection(201)-127.0.0.1] [                                                 ] o.s.b.w.e.tomcat.GracefulShutdown        : Commencing graceful shutdown. Waiting for active requests to complete
2025-09-04T01:29:32.273+05:30  INFO 22008 --- [appointment-service] [tomcat-shutdown] [                                                 ] o.s.b.w.e.tomcat.GracefulShutdown        : Graceful shutdown complete
2025-09-04T01:29:32.307+05:30  INFO 22008 --- [appointment-service] [RMI TCP Connection(201)-127.0.0.1] [                                                 ] j.LocalContainerEntityManagerFactoryBean : Closing JPA EntityManagerFactory for persistence unit 'default'
2025-09-04T01:29:32.336+05:30  INFO 22008 --- [appointment-service] [RMI TCP Connection(201)-127.0.0.1] [                                                 ] com.zaxxer.hikari.HikariDataSource       : HikariPool-1 - Shutdown initiated...
2025-09-04T01:29:32.343+05:30  INFO 22008 --- [appointment-service] [RMI TCP Connection(201)-127.0.0.1] [                                                 ] com.zaxxer.hikari.HikariDataSource       : HikariPool-1 - Shutdown completed.
2025-09-04T01:29:33.354+05:30  INFO 22008 --- [appointment-service] [RMI TCP Connection(201)-127.0.0.1] [                                                 ] com.netflix.discovery.DiscoveryClient    : Shutting down DiscoveryClient ...
2025-09-04T01:29:36.359+05:30  INFO 22008 --- [appointment-service] [RMI TCP Connection(201)-127.0.0.1] [                                                 ] com.netflix.discovery.DiscoveryClient    : Unregistering ...
2025-09-04T01:29:36.408+05:30  INFO 22008 --- [appointment-service] [RMI TCP Connection(201)-127.0.0.1] [                                                 ] com.netflix.discovery.DiscoveryClient    : DiscoveryClient_APPOINTMENT-SERVICE/LAPTOP-HPLJP7AG:appointment-service:8083 - deregister  status: 200
2025-09-04T01:29:36.409+05:30  INFO 22008 --- [appointment-service] [RMI TCP Connection(201)-127.0.0.1] [                                                 ] com.netflix.discovery.DiscoveryClient    : Completed shut down of DiscoveryClient
2025-09-04T12:24:42.617+05:30  INFO 24648 --- [appointment-service] [restartedMain] [                                                 ] c.w.k.a.AppointmentServiceApplication    : Starting AppointmentServiceApplication using Java 21.0.7 with PID 24648 (C:\sts-4.31.0.RELEASE\MiniProject1\appointment-service\target\classes started by Komal in C:\sts-4.31.0.RELEASE\MiniProject1\appointment-service)
2025-09-04T12:24:42.624+05:30  INFO 24648 --- [appointment-service] [restartedMain] [                                                 ] c.w.k.a.AppointmentServiceApplication    : No active profile set, falling back to 1 default profile: "default"
2025-09-04T12:24:42.680+05:30  INFO 24648 --- [appointment-service] [restartedMain] [                                                 ] o.s.c.c.c.ConfigServerConfigDataLoader   : Fetching config from server at : http://localhost:9094
2025-09-04T12:24:42.680+05:30  INFO 24648 --- [appointment-service] [restartedMain] [                                                 ] o.s.c.c.c.ConfigServerConfigDataLoader   : Located environment: name=appointment-service, profiles=[default], label=null, version=793ed0c096cee40cfc4d43364491e1f98fde61bf, state=
2025-09-04T12:24:42.682+05:30  INFO 24648 --- [appointment-service] [restartedMain] [                                                 ] .e.DevToolsPropertyDefaultsPostProcessor : Devtools property defaults active! Set 'spring.devtools.add-properties' to 'false' to disable
2025-09-04T12:24:42.684+05:30  INFO 24648 --- [appointment-service] [restartedMain] [                                                 ] .e.DevToolsPropertyDefaultsPostProcessor : For additional web related logging consider setting the 'logging.level.web' property to 'DEBUG'
2025-09-04T12:24:44.217+05:30  INFO 24648 --- [appointment-service] [restartedMain] [                                                 ] .s.d.r.c.RepositoryConfigurationDelegate : Bootstrapping Spring Data JPA repositories in DEFAULT mode.
2025-09-04T12:24:44.365+05:30  INFO 24648 --- [appointment-service] [restartedMain] [                                                 ] .s.d.r.c.RepositoryConfigurationDelegate : Finished Spring Data repository scanning in 139 ms. Found 1 JPA repository interface.
2025-09-04T12:24:44.698+05:30  INFO 24648 --- [appointment-service] [restartedMain] [                                                 ] o.s.cloud.context.scope.GenericScope     : BeanFactory id=4d6082c5-e4fc-3879-8d43-3b94a89ea181
2025-09-04T12:24:45.589+05:30  INFO 24648 --- [appointment-service] [restartedMain] [                                                 ] o.s.b.w.embedded.tomcat.TomcatWebServer  : Tomcat initialized with port 8083 (http)
2025-09-04T12:24:45.607+05:30  INFO 24648 --- [appointment-service] [restartedMain] [                                                 ] o.apache.catalina.core.StandardService   : Starting service [Tomcat]
2025-09-04T12:24:45.608+05:30  INFO 24648 --- [appointment-service] [restartedMain] [                                                 ] o.apache.catalina.core.StandardEngine    : Starting Servlet engine: [Apache Tomcat/10.1.43]
2025-09-04T12:24:45.674+05:30  INFO 24648 --- [appointment-service] [restartedMain] [                                                 ] o.a.c.c.C.[Tomcat].[localhost].[/]       : Initializing Spring embedded WebApplicationContext
2025-09-04T12:24:45.674+05:30  INFO 24648 --- [appointment-service] [restartedMain] [                                                 ] w.s.c.ServletWebServerApplicationContext : Root WebApplicationContext: initialization completed in 2990 ms
2025-09-04T12:24:46.524+05:30  INFO 24648 --- [appointment-service] [restartedMain] [                                                 ] o.hibernate.jpa.internal.util.LogHelper  : HHH000204: Processing PersistenceUnitInfo [name: default]
2025-09-04T12:24:46.571+05:30  INFO 24648 --- [appointment-service] [restartedMain] [                                                 ] org.hibernate.Version                    : HHH000412: Hibernate ORM core version 6.6.22.Final
2025-09-04T12:24:46.607+05:30  INFO 24648 --- [appointment-service] [restartedMain] [                                                 ] o.h.c.internal.RegionFactoryInitiator    : HHH000026: Second-level cache disabled
2025-09-04T12:24:46.824+05:30  INFO 24648 --- [appointment-service] [restartedMain] [                                                 ] o.s.o.j.p.SpringPersistenceUnitInfo      : No LoadTimeWeaver setup: ignoring JPA class transformer
2025-09-04T12:24:46.854+05:30  INFO 24648 --- [appointment-service] [restartedMain] [                                                 ] com.zaxxer.hikari.HikariDataSource       : HikariPool-1 - Starting...
2025-09-04T12:24:47.045+05:30  INFO 24648 --- [appointment-service] [restartedMain] [                                                 ] com.zaxxer.hikari.pool.HikariPool        : HikariPool-1 - Added connection com.mysql.cj.jdbc.ConnectionImpl@3407e4d6
2025-09-04T12:24:47.048+05:30  INFO 24648 --- [appointment-service] [restartedMain] [                                                 ] com.zaxxer.hikari.HikariDataSource       : HikariPool-1 - Start completed.
2025-09-04T12:24:47.112+05:30  WARN 24648 --- [appointment-service] [restartedMain] [                                                 ] org.hibernate.orm.deprecation            : HHH90000025: MySQLDialect does not need to be specified explicitly using 'hibernate.dialect' (remove the property setting and it will be selected by default)
2025-09-04T12:24:47.130+05:30  INFO 24648 --- [appointment-service] [restartedMain] [                                                 ] org.hibernate.orm.connections.pooling    : HHH10001005: Database info:
	Database JDBC URL [Connecting through datasource 'HikariDataSource (HikariPool-1)']
	Database driver: undefined/unknown
	Database version: 8.0.41
	Autocommit mode: undefined/unknown
	Isolation level: undefined/unknown
	Minimum pool size: undefined/unknown
	Maximum pool size: undefined/unknown
2025-09-04T12:24:47.872+05:30  INFO 24648 --- [appointment-service] [restartedMain] [                                                 ] o.h.e.t.j.p.i.JtaPlatformInitiator       : HHH000489: No JTA platform available (set 'hibernate.transaction.jta.platform' to enable JTA platform integration)
2025-09-04T12:24:47.942+05:30  INFO 24648 --- [appointment-service] [restartedMain] [                                                 ] j.LocalContainerEntityManagerFactoryBean : Initialized JPA EntityManagerFactory for persistence unit 'default'
2025-09-04T12:24:48.641+05:30  WARN 24648 --- [appointment-service] [restartedMain] [                                                 ] JpaBaseConfiguration$JpaWebConfiguration : spring.jpa.open-in-view is enabled by default. Therefore, database queries may be performed during view rendering. Explicitly configure spring.jpa.open-in-view to disable this warning
2025-09-04T12:24:48.784+05:30  WARN 24648 --- [appointment-service] [restartedMain] [                                                 ] o.s.b.d.a.OptionalLiveReloadServer       : Unable to start LiveReload server
2025-09-04T12:24:48.874+05:30  INFO 24648 --- [appointment-service] [restartedMain] [                                                 ] o.s.c.openfeign.FeignClientFactoryBean   : For 'doctor-service' URL not provided. Will try picking an instance via load-balancing.
2025-09-04T12:24:48.968+05:30  INFO 24648 --- [appointment-service] [restartedMain] [                                                 ] o.s.c.openfeign.FeignClientFactoryBean   : For 'patient-service' URL not provided. Will try picking an instance via load-balancing.
2025-09-04T12:24:51.349+05:30  INFO 24648 --- [appointment-service] [restartedMain] [                                                 ] DiscoveryClientOptionalArgsConfiguration : Eureka HTTP Client uses RestTemplate.
2025-09-04T12:24:51.433+05:30  WARN 24648 --- [appointment-service] [restartedMain] [                                                 ] iguration$LoadBalancerCaffeineWarnLogger : Spring Cloud LoadBalancer is currently working with the default cache. While this cache implementation is useful for development and tests, it's recommended to use Caffeine cache in production.You can switch to using Caffeine cache, by adding it and org.springframework.cache.caffeine.CaffeineCacheManager to the classpath.
2025-09-04T12:24:51.472+05:30  INFO 24648 --- [appointment-service] [restartedMain] [                                                 ] o.s.b.a.e.web.EndpointLinksResolver      : Exposing 28 endpoints beneath base path '/actuator'
2025-09-04T12:24:51.641+05:30  INFO 24648 --- [appointment-service] [restartedMain] [                                                 ] o.s.c.n.eureka.InstanceInfoFactory       : Setting initial instance status as: STARTING
2025-09-04T12:24:51.672+05:30  INFO 24648 --- [appointment-service] [restartedMain] [                                                 ] com.netflix.discovery.DiscoveryClient    : Initializing Eureka in region us-east-1
2025-09-04T12:24:51.677+05:30  INFO 24648 --- [appointment-service] [restartedMain] [                                                 ] c.n.d.s.r.aws.ConfigClusterResolver      : Resolving eureka endpoints via configuration
2025-09-04T12:24:51.689+05:30  INFO 24648 --- [appointment-service] [restartedMain] [                                                 ] com.netflix.discovery.DiscoveryClient    : Disable delta property : false
2025-09-04T12:24:51.690+05:30  INFO 24648 --- [appointment-service] [restartedMain] [                                                 ] com.netflix.discovery.DiscoveryClient    : Single vip registry refresh property : null
2025-09-04T12:24:51.690+05:30  INFO 24648 --- [appointment-service] [restartedMain] [                                                 ] com.netflix.discovery.DiscoveryClient    : Force full registry fetch : false
2025-09-04T12:24:51.690+05:30  INFO 24648 --- [appointment-service] [restartedMain] [                                                 ] com.netflix.discovery.DiscoveryClient    : Application is null : false
2025-09-04T12:24:51.690+05:30  INFO 24648 --- [appointment-service] [restartedMain] [                                                 ] com.netflix.discovery.DiscoveryClient    : Registered Applications size is zero : true
2025-09-04T12:24:51.690+05:30  INFO 24648 --- [appointment-service] [restartedMain] [                                                 ] com.netflix.discovery.DiscoveryClient    : Application version is -1: true
2025-09-04T12:24:51.692+05:30  INFO 24648 --- [appointment-service] [restartedMain] [                                                 ] com.netflix.discovery.DiscoveryClient    : Getting all instance registry info from the eureka server
2025-09-04T12:24:51.969+05:30  INFO 24648 --- [appointment-service] [restartedMain] [                                                 ] com.netflix.discovery.DiscoveryClient    : The response status is 200
2025-09-04T12:24:51.971+05:30  INFO 24648 --- [appointment-service] [restartedMain] [                                                 ] com.netflix.discovery.DiscoveryClient    : Starting heartbeat executor: renew interval is: 30
2025-09-04T12:24:51.974+05:30  INFO 24648 --- [appointment-service] [restartedMain] [                                                 ] c.n.discovery.InstanceInfoReplicator     : InstanceInfoReplicator onDemand update allowed rate per min is 4
2025-09-04T12:24:51.976+05:30  INFO 24648 --- [appointment-service] [restartedMain] [                                                 ] com.netflix.discovery.DiscoveryClient    : Discovery Client initialized at timestamp 1756968891975 with initial instances count: 2
2025-09-04T12:24:51.995+05:30  INFO 24648 --- [appointment-service] [restartedMain] [                                                 ] o.s.c.n.e.s.EurekaServiceRegistry        : Registering application APPOINTMENT-SERVICE with eureka with status UP
2025-09-04T12:24:51.997+05:30  INFO 24648 --- [appointment-service] [restartedMain] [                                                 ] com.netflix.discovery.DiscoveryClient    : Saw local status change event StatusChangeEvent [timestamp=1756968891997, current=UP, previous=STARTING]
2025-09-04T12:24:51.999+05:30  INFO 24648 --- [appointment-service] [DiscoveryClient-InstanceInfoReplicator-%d] [                                                 ] com.netflix.discovery.DiscoveryClient    : DiscoveryClient_APPOINTMENT-SERVICE/LAPTOP-HPLJP7AG:appointment-service:8083: registering service...
2025-09-04T12:24:52.023+05:30  INFO 24648 --- [appointment-service] [restartedMain] [                                                 ] o.s.b.w.embedded.tomcat.TomcatWebServer  : Tomcat started on port 8083 (http) with context path '/'
2025-09-04T12:24:52.025+05:30  INFO 24648 --- [appointment-service] [restartedMain] [                                                 ] .s.c.n.e.s.EurekaAutoServiceRegistration : Updating port to 8083
2025-09-04T12:24:52.059+05:30  INFO 24648 --- [appointment-service] [restartedMain] [                                                 ] c.w.k.a.AppointmentServiceApplication    : Started AppointmentServiceApplication in 11.032 seconds (process running for 12.122)
2025-09-04T12:24:52.078+05:30  INFO 24648 --- [appointment-service] [DiscoveryClient-InstanceInfoReplicator-%d] [                                                 ] com.netflix.discovery.DiscoveryClient    : DiscoveryClient_APPOINTMENT-SERVICE/LAPTOP-HPLJP7AG:appointment-service:8083 - registration status: 204
2025-09-04T12:24:52.474+05:30  INFO 24648 --- [appointment-service] [RMI TCP Connection(6)-127.0.0.1] [                                                 ] o.a.c.c.C.[Tomcat].[localhost].[/]       : Initializing Spring DispatcherServlet 'dispatcherServlet'
2025-09-04T12:24:52.475+05:30  INFO 24648 --- [appointment-service] [RMI TCP Connection(6)-127.0.0.1] [                                                 ] o.s.web.servlet.DispatcherServlet        : Initializing Servlet 'dispatcherServlet'
2025-09-04T12:24:52.479+05:30  INFO 24648 --- [appointment-service] [RMI TCP Connection(6)-127.0.0.1] [                                                 ] o.s.web.servlet.DispatcherServlet        : Completed initialization in 2 ms
2025-09-04T12:24:53.033+05:30  WARN 24648 --- [appointment-service] [AsyncReporter{ZipkinHttpClientSender{http://localhost:9411/api/v2/spans}}] [                                                 ] z.r.i.AsyncReporter$BoundedAsyncReporter : Spans were dropped due to exceptions. All subsequent errors will be logged at FINE level.
2025-09-04T12:24:53.034+05:30  WARN 24648 --- [appointment-service] [AsyncReporter{ZipkinHttpClientSender{http://localhost:9411/api/v2/spans}}] [                                                 ] z.r.i.AsyncReporter$BoundedAsyncReporter : Dropped 2 spans due to ConnectException()

java.net.ConnectException: null
	at java.net.http/jdk.internal.net.http.HttpClientImpl.send(HttpClientImpl.java:952) ~[java.net.http:na]
	at java.net.http/jdk.internal.net.http.HttpClientFacade.send(HttpClientFacade.java:133) ~[java.net.http:na]
	at org.springframework.boot.actuate.autoconfigure.tracing.zipkin.ZipkinHttpClientSender.postSpans(ZipkinHttpClientSender.java:60) ~[spring-boot-actuator-autoconfigure-3.5.4.jar:3.5.4]
	at org.springframework.boot.actuate.autoconfigure.tracing.zipkin.HttpSender.postSpans(HttpSender.java:69) ~[spring-boot-actuator-autoconfigure-3.5.4.jar:3.5.4]
	at org.springframework.boot.actuate.autoconfigure.tracing.zipkin.HttpSender.postSpans(HttpSender.java:41) ~[spring-boot-actuator-autoconfigure-3.5.4.jar:3.5.4]
	at zipkin2.reporter.BaseHttpSender.send(BaseHttpSender.java:123) ~[zipkin-reporter-3.5.1.jar:na]
	at zipkin2.reporter.internal.AsyncReporter$BoundedAsyncReporter.flush(AsyncReporter.java:266) ~[zipkin-reporter-3.5.1.jar:na]
	at zipkin2.reporter.internal.AsyncReporter$Flusher.run(AsyncReporter.java:352) ~[zipkin-reporter-3.5.1.jar:na]
	at java.base/java.lang.Thread.run(Thread.java:1583) ~[na:na]
Caused by: java.net.ConnectException: null
	at java.net.http/jdk.internal.net.http.common.Utils.toConnectException(Utils.java:1041) ~[java.net.http:na]
	at java.net.http/jdk.internal.net.http.PlainHttpConnection.connectAsync(PlainHttpConnection.java:227) ~[java.net.http:na]
	at java.net.http/jdk.internal.net.http.PlainHttpConnection.checkRetryConnect(PlainHttpConnection.java:280) ~[java.net.http:na]
	at java.net.http/jdk.internal.net.http.PlainHttpConnection.lambda$connectAsync$2(PlainHttpConnection.java:238) ~[java.net.http:na]
	at java.base/java.util.concurrent.CompletableFuture.uniHandle(CompletableFuture.java:934) ~[na:na]
	at java.base/java.util.concurrent.CompletableFuture$UniHandle.tryFire(CompletableFuture.java:911) ~[na:na]
	at java.base/java.util.concurrent.CompletableFuture.postComplete(CompletableFuture.java:510) ~[na:na]
	at java.base/java.util.concurrent.CompletableFuture$AsyncSupply.run(CompletableFuture.java:1773) ~[na:na]
	at java.base/java.util.concurrent.ThreadPoolExecutor.runWorker(ThreadPoolExecutor.java:1144) ~[na:na]
	at java.base/java.util.concurrent.ThreadPoolExecutor$Worker.run(ThreadPoolExecutor.java:642) ~[na:na]
	... 1 common frames omitted
Caused by: java.nio.channels.ClosedChannelException: null
	at java.base/sun.nio.ch.SocketChannelImpl.ensureOpen(SocketChannelImpl.java:202) ~[na:na]
	at java.base/sun.nio.ch.SocketChannelImpl.beginConnect(SocketChannelImpl.java:786) ~[na:na]
	at java.base/sun.nio.ch.SocketChannelImpl.connect(SocketChannelImpl.java:874) ~[na:na]
	at java.net.http/jdk.internal.net.http.PlainHttpConnection.lambda$connectAsync$1(PlainHttpConnection.java:210) ~[java.net.http:na]
	at java.base/java.security.AccessController.doPrivileged(AccessController.java:571) ~[na:na]
	at java.net.http/jdk.internal.net.http.PlainHttpConnection.connectAsync(PlainHttpConnection.java:212) ~[java.net.http:na]
	... 9 common frames omitted

2025-09-04T12:29:51.702+05:30  INFO 24648 --- [appointment-service] [AsyncResolver-bootstrap-executor-%d] [                                                 ] c.n.d.s.r.aws.ConfigClusterResolver      : Resolving eureka endpoints via configuration
2025-09-04T12:34:51.704+05:30  INFO 24648 --- [appointment-service] [AsyncResolver-bootstrap-executor-%d] [                                                 ] c.n.d.s.r.aws.ConfigClusterResolver      : Resolving eureka endpoints via configuration
2025-09-04T12:39:51.708+05:30  INFO 24648 --- [appointment-service] [AsyncResolver-bootstrap-executor-%d] [                                                 ] c.n.d.s.r.aws.ConfigClusterResolver      : Resolving eureka endpoints via configuration
2025-09-04T12:44:51.723+05:30  INFO 24648 --- [appointment-service] [AsyncResolver-bootstrap-executor-%d] [                                                 ] c.n.d.s.r.aws.ConfigClusterResolver      : Resolving eureka endpoints via configuration
2025-09-04T12:49:51.732+05:30  INFO 24648 --- [appointment-service] [AsyncResolver-bootstrap-executor-%d] [                                                 ] c.n.d.s.r.aws.ConfigClusterResolver      : Resolving eureka endpoints via configuration
2025-09-04T12:54:51.748+05:30  INFO 24648 --- [appointment-service] [AsyncResolver-bootstrap-executor-%d] [                                                 ] c.n.d.s.r.aws.ConfigClusterResolver      : Resolving eureka endpoints via configuration
2025-09-04T12:59:51.760+05:30  INFO 24648 --- [appointment-service] [AsyncResolver-bootstrap-executor-%d] [                                                 ] c.n.d.s.r.aws.ConfigClusterResolver      : Resolving eureka endpoints via configuration
2025-09-04T13:04:51.763+05:30  INFO 24648 --- [appointment-service] [AsyncResolver-bootstrap-executor-%d] [                                                 ] c.n.d.s.r.aws.ConfigClusterResolver      : Resolving eureka endpoints via configuration
2025-09-04T13:09:51.766+05:30  INFO 24648 --- [appointment-service] [AsyncResolver-bootstrap-executor-%d] [                                                 ] c.n.d.s.r.aws.ConfigClusterResolver      : Resolving eureka endpoints via configuration
2025-09-04T13:14:51.770+05:30  INFO 24648 --- [appointment-service] [AsyncResolver-bootstrap-executor-%d] [                                                 ] c.n.d.s.r.aws.ConfigClusterResolver      : Resolving eureka endpoints via configuration
2025-09-04T13:19:51.782+05:30  INFO 24648 --- [appointment-service] [AsyncResolver-bootstrap-executor-%d] [                                                 ] c.n.d.s.r.aws.ConfigClusterResolver      : Resolving eureka endpoints via configuration
2025-09-04T13:24:51.795+05:30  INFO 24648 --- [appointment-service] [AsyncResolver-bootstrap-executor-%d] [                                                 ] c.n.d.s.r.aws.ConfigClusterResolver      : Resolving eureka endpoints via configuration
2025-09-04T13:29:51.801+05:30  INFO 24648 --- [appointment-service] [AsyncResolver-bootstrap-executor-%d] [                                                 ] c.n.d.s.r.aws.ConfigClusterResolver      : Resolving eureka endpoints via configuration
2025-09-04T13:34:51.813+05:30  INFO 24648 --- [appointment-service] [AsyncResolver-bootstrap-executor-%d] [                                                 ] c.n.d.s.r.aws.ConfigClusterResolver      : Resolving eureka endpoints via configuration
2025-09-04T13:39:51.831+05:30  INFO 24648 --- [appointment-service] [AsyncResolver-bootstrap-executor-%d] [                                                 ] c.n.d.s.r.aws.ConfigClusterResolver      : Resolving eureka endpoints via configuration
2025-09-04T13:44:51.838+05:30  INFO 24648 --- [appointment-service] [AsyncResolver-bootstrap-executor-%d] [                                                 ] c.n.d.s.r.aws.ConfigClusterResolver      : Resolving eureka endpoints via configuration
2025-09-04T13:49:51.845+05:30  INFO 24648 --- [appointment-service] [AsyncResolver-bootstrap-executor-%d] [                                                 ] c.n.d.s.r.aws.ConfigClusterResolver      : Resolving eureka endpoints via configuration
2025-09-04T13:54:51.860+05:30  INFO 24648 --- [appointment-service] [AsyncResolver-bootstrap-executor-%d] [                                                 ] c.n.d.s.r.aws.ConfigClusterResolver      : Resolving eureka endpoints via configuration
2025-09-04T13:59:51.870+05:30  INFO 24648 --- [appointment-service] [AsyncResolver-bootstrap-executor-%d] [                                                 ] c.n.d.s.r.aws.ConfigClusterResolver      : Resolving eureka endpoints via configuration
2025-09-04T14:04:51.870+05:30  INFO 24648 --- [appointment-service] [AsyncResolver-bootstrap-executor-%d] [                                                 ] c.n.d.s.r.aws.ConfigClusterResolver      : Resolving eureka endpoints via configuration
2025-09-04T14:09:51.876+05:30  INFO 24648 --- [appointment-service] [AsyncResolver-bootstrap-executor-%d] [                                                 ] c.n.d.s.r.aws.ConfigClusterResolver      : Resolving eureka endpoints via configuration
2025-09-04T14:14:51.884+05:30  INFO 24648 --- [appointment-service] [AsyncResolver-bootstrap-executor-%d] [                                                 ] c.n.d.s.r.aws.ConfigClusterResolver      : Resolving eureka endpoints via configuration
2025-09-04T14:19:51.886+05:30  INFO 24648 --- [appointment-service] [AsyncResolver-bootstrap-executor-%d] [                                                 ] c.n.d.s.r.aws.ConfigClusterResolver      : Resolving eureka endpoints via configuration
2025-09-04T14:24:51.887+05:30  INFO 24648 --- [appointment-service] [AsyncResolver-bootstrap-executor-%d] [                                                 ] c.n.d.s.r.aws.ConfigClusterResolver      : Resolving eureka endpoints via configuration
2025-09-04T14:29:51.889+05:30  INFO 24648 --- [appointment-service] [AsyncResolver-bootstrap-executor-%d] [                                                 ] c.n.d.s.r.aws.ConfigClusterResolver      : Resolving eureka endpoints via configuration
2025-09-04T14:34:51.899+05:30  INFO 24648 --- [appointment-service] [AsyncResolver-bootstrap-executor-%d] [                                                 ] c.n.d.s.r.aws.ConfigClusterResolver      : Resolving eureka endpoints via configuration
2025-09-04T14:39:51.905+05:30  INFO 24648 --- [appointment-service] [AsyncResolver-bootstrap-executor-%d] [                                                 ] c.n.d.s.r.aws.ConfigClusterResolver      : Resolving eureka endpoints via configuration
2025-09-04T14:44:51.909+05:30  INFO 24648 --- [appointment-service] [AsyncResolver-bootstrap-executor-%d] [                                                 ] c.n.d.s.r.aws.ConfigClusterResolver      : Resolving eureka endpoints via configuration
2025-09-04T14:49:51.920+05:30  INFO 24648 --- [appointment-service] [AsyncResolver-bootstrap-executor-%d] [                                                 ] c.n.d.s.r.aws.ConfigClusterResolver      : Resolving eureka endpoints via configuration
2025-09-04T14:54:51.935+05:30  INFO 24648 --- [appointment-service] [AsyncResolver-bootstrap-executor-%d] [                                                 ] c.n.d.s.r.aws.ConfigClusterResolver      : Resolving eureka endpoints via configuration
2025-09-04T15:00:07.806+05:30  INFO 24648 --- [appointment-service] [AsyncResolver-bootstrap-executor-%d] [                                                 ] c.n.d.s.r.aws.ConfigClusterResolver      : Resolving eureka endpoints via configuration
2025-09-04T15:05:07.815+05:30  INFO 24648 --- [appointment-service] [AsyncResolver-bootstrap-executor-%d] [                                                 ] c.n.d.s.r.aws.ConfigClusterResolver      : Resolving eureka endpoints via configuration
2025-09-04T15:10:07.821+05:30  INFO 24648 --- [appointment-service] [AsyncResolver-bootstrap-executor-%d] [                                                 ] c.n.d.s.r.aws.ConfigClusterResolver      : Resolving eureka endpoints via configuration
2025-09-04T15:15:07.842+05:30  INFO 24648 --- [appointment-service] [AsyncResolver-bootstrap-executor-%d] [                                                 ] c.n.d.s.r.aws.ConfigClusterResolver      : Resolving eureka endpoints via configuration
2025-09-04T15:20:07.852+05:30  INFO 24648 --- [appointment-service] [AsyncResolver-bootstrap-executor-%d] [                                                 ] c.n.d.s.r.aws.ConfigClusterResolver      : Resolving eureka endpoints via configuration
2025-09-04T15:25:07.860+05:30  INFO 24648 --- [appointment-service] [AsyncResolver-bootstrap-executor-%d] [                                                 ] c.n.d.s.r.aws.ConfigClusterResolver      : Resolving eureka endpoints via configuration
2025-09-04T15:30:07.873+05:30  INFO 24648 --- [appointment-service] [AsyncResolver-bootstrap-executor-%d] [                                                 ] c.n.d.s.r.aws.ConfigClusterResolver      : Resolving eureka endpoints via configuration
2025-09-04T15:35:07.888+05:30  INFO 24648 --- [appointment-service] [AsyncResolver-bootstrap-executor-%d] [                                                 ] c.n.d.s.r.aws.ConfigClusterResolver      : Resolving eureka endpoints via configuration
2025-09-04T15:40:07.900+05:30  INFO 24648 --- [appointment-service] [AsyncResolver-bootstrap-executor-%d] [                                                 ] c.n.d.s.r.aws.ConfigClusterResolver      : Resolving eureka endpoints via configuration
2025-09-04T15:45:07.916+05:30  INFO 24648 --- [appointment-service] [AsyncResolver-bootstrap-executor-%d] [                                                 ] c.n.d.s.r.aws.ConfigClusterResolver      : Resolving eureka endpoints via configuration
2025-09-04T15:50:07.932+05:30  INFO 24648 --- [appointment-service] [AsyncResolver-bootstrap-executor-%d] [                                                 ] c.n.d.s.r.aws.ConfigClusterResolver      : Resolving eureka endpoints via configuration
2025-09-04T15:55:07.942+05:30  INFO 24648 --- [appointment-service] [AsyncResolver-bootstrap-executor-%d] [                                                 ] c.n.d.s.r.aws.ConfigClusterResolver      : Resolving eureka endpoints via configuration
2025-09-04T16:00:05.057+05:30  INFO 24648 --- [appointment-service] [http-nio-8083-exec-1] [68b96a2c42acf1cd762a9e60918b8158-762a9e60918b8158] c.w.komal.appointment.aop.LoggingAspect  : Entering method: AppointmentController.list(..) with arguments [0, 6]
2025-09-04T16:00:05.061+05:30  INFO 24648 --- [appointment-service] [http-nio-8083-exec-1] [68b96a2c42acf1cd762a9e60918b8158-762a9e60918b8158] c.w.komal.appointment.aop.LoggingAspect  : Entering method: AppointmentServiceImpl.list(..) with arguments [0, 6]
2025-09-04T16:00:05.874+05:30  INFO 24648 --- [appointment-service] [http-nio-8083-exec-1] [68b96a2c42acf1cd762a9e60918b8158-762a9e60918b8158] c.w.komal.appointment.aop.LoggingAspect  : Exiting method: AppointmentServiceImpl.list(..) with result Page 1 of 1 containing com.wipro.komal.appointment.entity.Appointment instances
2025-09-04T16:00:05.878+05:30  INFO 24648 --- [appointment-service] [http-nio-8083-exec-1] [68b96a2c42acf1cd762a9e60918b8158-762a9e60918b8158] c.w.komal.appointment.aop.LoggingAspect  : Exiting method: AppointmentController.list(..) with result Page 1 of 1 containing com.wipro.komal.appointment.entity.Appointment instances
2025-09-04T16:00:05.934+05:30  WARN 24648 --- [appointment-service] [http-nio-8083-exec-1] [68b96a2c42acf1cd762a9e60918b8158-762a9e60918b8158] ration$PageModule$WarningLoggingModifier : Serializing PageImpl instances as-is is not supported, meaning that there is no guarantee about the stability of the resulting JSON structure!
	For a stable JSON structure, please use Spring Data's PagedModel (globally via @EnableSpringDataWebSupport(pageSerializationMode = VIA_DTO))
	or Spring HATEOAS and Spring Data's PagedResourcesAssembler as documented in https://docs.spring.io/spring-data/commons/reference/repositories/core-extensions.html#core.web.pageables.

2025-09-04T16:00:07.955+05:30  INFO 24648 --- [appointment-service] [AsyncResolver-bootstrap-executor-%d] [                                                 ] c.n.d.s.r.aws.ConfigClusterResolver      : Resolving eureka endpoints via configuration
2025-09-04T16:04:03.629+05:30  INFO 24648 --- [appointment-service] [http-nio-8083-exec-3] [68b96b1b36c31f2fea86e433f96edd72-ea86e433f96edd72] c.w.komal.appointment.aop.LoggingAspect  : Entering method: AppointmentController.list(..) with arguments [0, 10]
2025-09-04T16:04:03.630+05:30  INFO 24648 --- [appointment-service] [http-nio-8083-exec-3] [68b96b1b36c31f2fea86e433f96edd72-ea86e433f96edd72] c.w.komal.appointment.aop.LoggingAspect  : Entering method: AppointmentServiceImpl.list(..) with arguments [0, 10]
2025-09-04T16:04:03.649+05:30  INFO 24648 --- [appointment-service] [http-nio-8083-exec-3] [68b96b1b36c31f2fea86e433f96edd72-ea86e433f96edd72] c.w.komal.appointment.aop.LoggingAspect  : Exiting method: AppointmentServiceImpl.list(..) with result Page 1 of 1 containing com.wipro.komal.appointment.entity.Appointment instances
2025-09-04T16:04:03.651+05:30  INFO 24648 --- [appointment-service] [http-nio-8083-exec-3] [68b96b1b36c31f2fea86e433f96edd72-ea86e433f96edd72] c.w.komal.appointment.aop.LoggingAspect  : Exiting method: AppointmentController.list(..) with result Page 1 of 1 containing com.wipro.komal.appointment.entity.Appointment instances
2025-09-04T16:05:07.962+05:30  INFO 24648 --- [appointment-service] [AsyncResolver-bootstrap-executor-%d] [                                                 ] c.n.d.s.r.aws.ConfigClusterResolver      : Resolving eureka endpoints via configuration
2025-09-04T16:10:07.976+05:30  INFO 24648 --- [appointment-service] [AsyncResolver-bootstrap-executor-%d] [                                                 ] c.n.d.s.r.aws.ConfigClusterResolver      : Resolving eureka endpoints via configuration
2025-09-04T16:10:12.653+05:30  INFO 24648 --- [appointment-service] [http-nio-8083-exec-6] [68b96c8cd4edb44c4c90581efca74e6f-4c90581efca74e6f] c.w.komal.appointment.aop.LoggingAspect  : Entering method: AppointmentController.list(..) with arguments [0, 10]
2025-09-04T16:10:12.654+05:30  INFO 24648 --- [appointment-service] [http-nio-8083-exec-6] [68b96c8cd4edb44c4c90581efca74e6f-4c90581efca74e6f] c.w.komal.appointment.aop.LoggingAspect  : Entering method: AppointmentServiceImpl.list(..) with arguments [0, 10]
2025-09-04T16:10:12.676+05:30  INFO 24648 --- [appointment-service] [http-nio-8083-exec-6] [68b96c8cd4edb44c4c90581efca74e6f-4c90581efca74e6f] c.w.komal.appointment.aop.LoggingAspect  : Exiting method: AppointmentServiceImpl.list(..) with result Page 1 of 1 containing com.wipro.komal.appointment.entity.Appointment instances
2025-09-04T16:10:12.677+05:30  INFO 24648 --- [appointment-service] [http-nio-8083-exec-6] [68b96c8cd4edb44c4c90581efca74e6f-4c90581efca74e6f] c.w.komal.appointment.aop.LoggingAspect  : Exiting method: AppointmentController.list(..) with result Page 1 of 1 containing com.wipro.komal.appointment.entity.Appointment instances
2025-09-04T16:15:07.993+05:30  INFO 24648 --- [appointment-service] [AsyncResolver-bootstrap-executor-%d] [                                                 ] c.n.d.s.r.aws.ConfigClusterResolver      : Resolving eureka endpoints via configuration
2025-09-04T16:20:07.994+05:30  INFO 24648 --- [appointment-service] [AsyncResolver-bootstrap-executor-%d] [                                                 ] c.n.d.s.r.aws.ConfigClusterResolver      : Resolving eureka endpoints via configuration
2025-09-04T16:25:08.003+05:30  INFO 24648 --- [appointment-service] [AsyncResolver-bootstrap-executor-%d] [                                                 ] c.n.d.s.r.aws.ConfigClusterResolver      : Resolving eureka endpoints via configuration
2025-09-04T16:44:50.703+05:30  WARN 24648 --- [appointment-service] [HikariPool-1:housekeeper] [                                                 ] com.zaxxer.hikari.pool.HikariPool        : HikariPool-1 - Thread starvation or clock leap detected (housekeeper delta=19m27s476ms820µs400ns).
2025-09-04T16:49:32.353+05:30  INFO 24648 --- [appointment-service] [AsyncResolver-bootstrap-executor-%d] [                                                 ] c.n.d.s.r.aws.ConfigClusterResolver      : Resolving eureka endpoints via configuration
2025-09-04T16:54:32.369+05:30  INFO 24648 --- [appointment-service] [AsyncResolver-bootstrap-executor-%d] [                                                 ] c.n.d.s.r.aws.ConfigClusterResolver      : Resolving eureka endpoints via configuration
2025-09-04T16:59:32.388+05:30  INFO 24648 --- [appointment-service] [AsyncResolver-bootstrap-executor-%d] [                                                 ] c.n.d.s.r.aws.ConfigClusterResolver      : Resolving eureka endpoints via configuration
2025-09-04T17:04:32.398+05:30  INFO 24648 --- [appointment-service] [AsyncResolver-bootstrap-executor-%d] [                                                 ] c.n.d.s.r.aws.ConfigClusterResolver      : Resolving eureka endpoints via configuration
2025-09-04T17:06:21.920+05:30  INFO 24648 --- [appointment-service] [File Watcher] [                                                 ] rtingClassPathChangeChangedEventListener : Restarting due to 3 class path changes (0 additions, 0 deletions, 3 modifications)
2025-09-04T17:06:21.977+05:30  INFO 24648 --- [appointment-service] [Thread-1] [                                                 ] o.s.c.n.e.s.EurekaServiceRegistry        : Unregistering application APPOINTMENT-SERVICE with eureka with status DOWN
2025-09-04T17:06:21.979+05:30  INFO 24648 --- [appointment-service] [Thread-1] [                                                 ] com.netflix.discovery.DiscoveryClient    : Saw local status change event StatusChangeEvent [timestamp=1756985781979, current=DOWN, previous=UP]
2025-09-04T17:06:21.983+05:30  INFO 24648 --- [appointment-service] [DiscoveryClient-InstanceInfoReplicator-%d] [                                                 ] com.netflix.discovery.DiscoveryClient    : DiscoveryClient_APPOINTMENT-SERVICE/LAPTOP-HPLJP7AG:appointment-service:8083: registering service...
2025-09-04T17:06:22.045+05:30  INFO 24648 --- [appointment-service] [DiscoveryClient-InstanceInfoReplicator-%d] [                                                 ] com.netflix.discovery.DiscoveryClient    : DiscoveryClient_APPOINTMENT-SERVICE/LAPTOP-HPLJP7AG:appointment-service:8083 - registration status: 204
2025-09-04T17:06:22.082+05:30  INFO 24648 --- [appointment-service] [Thread-1] [                                                 ] o.s.b.w.e.tomcat.GracefulShutdown        : Commencing graceful shutdown. Waiting for active requests to complete
2025-09-04T17:06:22.119+05:30  INFO 24648 --- [appointment-service] [tomcat-shutdown] [                                                 ] o.s.b.w.e.tomcat.GracefulShutdown        : Graceful shutdown complete
2025-09-04T17:06:22.225+05:30  INFO 24648 --- [appointment-service] [Thread-1] [                                                 ] j.LocalContainerEntityManagerFactoryBean : Closing JPA EntityManagerFactory for persistence unit 'default'
2025-09-04T17:06:22.305+05:30  INFO 24648 --- [appointment-service] [Thread-1] [                                                 ] com.zaxxer.hikari.HikariDataSource       : HikariPool-1 - Shutdown initiated...
2025-09-04T17:06:22.322+05:30  INFO 24648 --- [appointment-service] [Thread-1] [                                                 ] com.zaxxer.hikari.HikariDataSource       : HikariPool-1 - Shutdown completed.
2025-09-04T17:06:23.281+05:30  INFO 24648 --- [appointment-service] [Thread-1] [                                                 ] com.netflix.discovery.DiscoveryClient    : Shutting down DiscoveryClient ...
2025-09-04T17:06:26.284+05:30  INFO 24648 --- [appointment-service] [Thread-1] [                                                 ] com.netflix.discovery.DiscoveryClient    : Unregistering ...
2025-09-04T17:06:26.316+05:30  INFO 24648 --- [appointment-service] [Thread-1] [                                                 ] com.netflix.discovery.DiscoveryClient    : DiscoveryClient_APPOINTMENT-SERVICE/LAPTOP-HPLJP7AG:appointment-service:8083 - deregister  status: 200
2025-09-04T17:06:26.317+05:30  INFO 24648 --- [appointment-service] [Thread-1] [                                                 ] com.netflix.discovery.DiscoveryClient    : Completed shut down of DiscoveryClient
2025-09-04T17:06:29.525+05:30  INFO 24648 --- [appointment-service] [restartedMain] [                                                 ] c.w.k.a.AppointmentServiceApplication    : Starting AppointmentServiceApplication using Java 21.0.7 with PID 24648 (C:\sts-4.31.0.RELEASE\MiniProject1\appointment-service\target\classes started by Komal in C:\sts-4.31.0.RELEASE\MiniProject1\appointment-service)
2025-09-04T17:06:29.525+05:30  INFO 24648 --- [appointment-service] [restartedMain] [                                                 ] c.w.k.a.AppointmentServiceApplication    : No active profile set, falling back to 1 default profile: "default"
2025-09-04T17:06:29.530+05:30  INFO 24648 --- [appointment-service] [restartedMain] [                                                 ] o.s.c.c.c.ConfigServerConfigDataLoader   : Fetching config from server at : http://localhost:9094
2025-09-04T17:06:29.530+05:30  INFO 24648 --- [appointment-service] [restartedMain] [                                                 ] o.s.c.c.c.ConfigServerConfigDataLoader   : Located environment: name=appointment-service, profiles=[default], label=null, version=793ed0c096cee40cfc4d43364491e1f98fde61bf, state=
2025-09-04T17:06:30.892+05:30  INFO 24648 --- [appointment-service] [restartedMain] [                                                 ] .s.d.r.c.RepositoryConfigurationDelegate : Bootstrapping Spring Data JPA repositories in DEFAULT mode.
2025-09-04T17:06:30.919+05:30  INFO 24648 --- [appointment-service] [restartedMain] [                                                 ] .s.d.r.c.RepositoryConfigurationDelegate : Finished Spring Data repository scanning in 24 ms. Found 1 JPA repository interface.
2025-09-04T17:06:31.198+05:30  INFO 24648 --- [appointment-service] [restartedMain] [                                                 ] o.s.cloud.context.scope.GenericScope     : BeanFactory id=4d6082c5-e4fc-3879-8d43-3b94a89ea181
2025-09-04T17:06:31.806+05:30  INFO 24648 --- [appointment-service] [restartedMain] [                                                 ] o.s.b.w.embedded.tomcat.TomcatWebServer  : Tomcat initialized with port 8083 (http)
2025-09-04T17:06:31.808+05:30  INFO 24648 --- [appointment-service] [restartedMain] [                                                 ] o.apache.catalina.core.StandardService   : Starting service [Tomcat]
2025-09-04T17:06:31.809+05:30  INFO 24648 --- [appointment-service] [restartedMain] [                                                 ] o.apache.catalina.core.StandardEngine    : Starting Servlet engine: [Apache Tomcat/10.1.43]
2025-09-04T17:06:31.869+05:30  INFO 24648 --- [appointment-service] [restartedMain] [                                                 ] o.a.c.c.C.[Tomcat].[localhost].[/]       : Initializing Spring embedded WebApplicationContext
2025-09-04T17:06:31.869+05:30  INFO 24648 --- [appointment-service] [restartedMain] [                                                 ] w.s.c.ServletWebServerApplicationContext : Root WebApplicationContext: initialization completed in 2339 ms
2025-09-04T17:06:32.629+05:30  INFO 24648 --- [appointment-service] [restartedMain] [                                                 ] o.hibernate.jpa.internal.util.LogHelper  : HHH000204: Processing PersistenceUnitInfo [name: default]
2025-09-04T17:06:32.635+05:30  INFO 24648 --- [appointment-service] [restartedMain] [                                                 ] o.h.c.internal.RegionFactoryInitiator    : HHH000026: Second-level cache disabled
2025-09-04T17:06:32.657+05:30  INFO 24648 --- [appointment-service] [restartedMain] [                                                 ] o.s.o.j.p.SpringPersistenceUnitInfo      : No LoadTimeWeaver setup: ignoring JPA class transformer
2025-09-04T17:06:32.661+05:30  INFO 24648 --- [appointment-service] [restartedMain] [                                                 ] com.zaxxer.hikari.HikariDataSource       : HikariPool-2 - Starting...
2025-09-04T17:06:32.667+05:30  INFO 24648 --- [appointment-service] [restartedMain] [                                                 ] com.zaxxer.hikari.pool.HikariPool        : HikariPool-2 - Added connection com.mysql.cj.jdbc.ConnectionImpl@399c187e
2025-09-04T17:06:32.667+05:30  INFO 24648 --- [appointment-service] [restartedMain] [                                                 ] com.zaxxer.hikari.HikariDataSource       : HikariPool-2 - Start completed.
2025-09-04T17:06:32.674+05:30  WARN 24648 --- [appointment-service] [restartedMain] [                                                 ] org.hibernate.orm.deprecation            : HHH90000025: MySQLDialect does not need to be specified explicitly using 'hibernate.dialect' (remove the property setting and it will be selected by default)
2025-09-04T17:06:32.675+05:30  INFO 24648 --- [appointment-service] [restartedMain] [                                                 ] org.hibernate.orm.connections.pooling    : HHH10001005: Database info:
	Database JDBC URL [Connecting through datasource 'HikariDataSource (HikariPool-2)']
	Database driver: undefined/unknown
	Database version: 8.0.41
	Autocommit mode: undefined/unknown
	Isolation level: undefined/unknown
	Minimum pool size: undefined/unknown
	Maximum pool size: undefined/unknown
2025-09-04T17:06:32.801+05:30  INFO 24648 --- [appointment-service] [restartedMain] [                                                 ] o.h.e.t.j.p.i.JtaPlatformInitiator       : HHH000489: No JTA platform available (set 'hibernate.transaction.jta.platform' to enable JTA platform integration)
2025-09-04T17:06:32.821+05:30  INFO 24648 --- [appointment-service] [restartedMain] [                                                 ] j.LocalContainerEntityManagerFactoryBean : Initialized JPA EntityManagerFactory for persistence unit 'default'
2025-09-04T17:06:33.511+05:30  WARN 24648 --- [appointment-service] [restartedMain] [                                                 ] JpaBaseConfiguration$JpaWebConfiguration : spring.jpa.open-in-view is enabled by default. Therefore, database queries may be performed during view rendering. Explicitly configure spring.jpa.open-in-view to disable this warning
2025-09-04T17:06:33.735+05:30  WARN 24648 --- [appointment-service] [restartedMain] [                                                 ] o.s.b.d.a.OptionalLiveReloadServer       : Unable to start LiveReload server
2025-09-04T17:06:33.813+05:30  INFO 24648 --- [appointment-service] [restartedMain] [                                                 ] o.s.c.openfeign.FeignClientFactoryBean   : For 'doctor-service' URL not provided. Will try picking an instance via load-balancing.
2025-09-04T17:06:33.908+05:30  INFO 24648 --- [appointment-service] [restartedMain] [                                                 ] o.s.c.openfeign.FeignClientFactoryBean   : For 'patient-service' URL not provided. Will try picking an instance via load-balancing.
2025-09-04T17:06:36.376+05:30  INFO 24648 --- [appointment-service] [restartedMain] [                                                 ] DiscoveryClientOptionalArgsConfiguration : Eureka HTTP Client uses RestTemplate.
2025-09-04T17:06:36.480+05:30  WARN 24648 --- [appointment-service] [restartedMain] [                                                 ] iguration$LoadBalancerCaffeineWarnLogger : Spring Cloud LoadBalancer is currently working with the default cache. While this cache implementation is useful for development and tests, it's recommended to use Caffeine cache in production.You can switch to using Caffeine cache, by adding it and org.springframework.cache.caffeine.CaffeineCacheManager to the classpath.
2025-09-04T17:06:36.523+05:30  INFO 24648 --- [appointment-service] [restartedMain] [                                                 ] o.s.b.a.e.web.EndpointLinksResolver      : Exposing 28 endpoints beneath base path '/actuator'
2025-09-04T17:06:36.641+05:30  INFO 24648 --- [appointment-service] [restartedMain] [                                                 ] o.s.c.n.eureka.InstanceInfoFactory       : Setting initial instance status as: STARTING
2025-09-04T17:06:36.649+05:30  INFO 24648 --- [appointment-service] [restartedMain] [                                                 ] com.netflix.discovery.DiscoveryClient    : Initializing Eureka in region us-east-1
2025-09-04T17:06:36.649+05:30  INFO 24648 --- [appointment-service] [restartedMain] [                                                 ] c.n.d.s.r.aws.ConfigClusterResolver      : Resolving eureka endpoints via configuration
2025-09-04T17:06:36.650+05:30  INFO 24648 --- [appointment-service] [restartedMain] [                                                 ] com.netflix.discovery.DiscoveryClient    : Disable delta property : false
2025-09-04T17:06:36.650+05:30  INFO 24648 --- [appointment-service] [restartedMain] [                                                 ] com.netflix.discovery.DiscoveryClient    : Single vip registry refresh property : null
2025-09-04T17:06:36.650+05:30  INFO 24648 --- [appointment-service] [restartedMain] [                                                 ] com.netflix.discovery.DiscoveryClient    : Force full registry fetch : false
2025-09-04T17:06:36.650+05:30  INFO 24648 --- [appointment-service] [restartedMain] [                                                 ] com.netflix.discovery.DiscoveryClient    : Application is null : false
2025-09-04T17:06:36.650+05:30  INFO 24648 --- [appointment-service] [restartedMain] [                                                 ] com.netflix.discovery.DiscoveryClient    : Registered Applications size is zero : true
2025-09-04T17:06:36.650+05:30  INFO 24648 --- [appointment-service] [restartedMain] [                                                 ] com.netflix.discovery.DiscoveryClient    : Application version is -1: true
2025-09-04T17:06:36.651+05:30  INFO 24648 --- [appointment-service] [restartedMain] [                                                 ] com.netflix.discovery.DiscoveryClient    : Getting all instance registry info from the eureka server
2025-09-04T17:06:36.713+05:30  INFO 24648 --- [appointment-service] [restartedMain] [                                                 ] com.netflix.discovery.DiscoveryClient    : The response status is 200
2025-09-04T17:06:36.714+05:30  INFO 24648 --- [appointment-service] [restartedMain] [                                                 ] com.netflix.discovery.DiscoveryClient    : Starting heartbeat executor: renew interval is: 30
2025-09-04T17:06:36.715+05:30  INFO 24648 --- [appointment-service] [restartedMain] [                                                 ] c.n.discovery.InstanceInfoReplicator     : InstanceInfoReplicator onDemand update allowed rate per min is 4
2025-09-04T17:06:36.715+05:30  INFO 24648 --- [appointment-service] [restartedMain] [                                                 ] com.netflix.discovery.DiscoveryClient    : Discovery Client initialized at timestamp 1756985796715 with initial instances count: 8
2025-09-04T17:06:36.740+05:30  INFO 24648 --- [appointment-service] [restartedMain] [                                                 ] o.s.c.n.e.s.EurekaServiceRegistry        : Registering application APPOINTMENT-SERVICE with eureka with status UP
2025-09-04T17:06:36.740+05:30  INFO 24648 --- [appointment-service] [restartedMain] [                                                 ] com.netflix.discovery.DiscoveryClient    : Saw local status change event StatusChangeEvent [timestamp=1756985796740, current=UP, previous=STARTING]
2025-09-04T17:06:36.741+05:30  INFO 24648 --- [appointment-service] [DiscoveryClient-InstanceInfoReplicator-%d] [                                                 ] com.netflix.discovery.DiscoveryClient    : DiscoveryClient_APPOINTMENT-SERVICE/LAPTOP-HPLJP7AG:appointment-service:8083: registering service...
2025-09-04T17:06:36.744+05:30  INFO 24648 --- [appointment-service] [restartedMain] [                                                 ] o.s.b.w.embedded.tomcat.TomcatWebServer  : Tomcat started on port 8083 (http) with context path '/'
2025-09-04T17:06:36.745+05:30  INFO 24648 --- [appointment-service] [restartedMain] [                                                 ] .s.c.n.e.s.EurekaAutoServiceRegistration : Updating port to 8083
2025-09-04T17:06:36.759+05:30  INFO 24648 --- [appointment-service] [DiscoveryClient-InstanceInfoReplicator-%d] [                                                 ] com.netflix.discovery.DiscoveryClient    : DiscoveryClient_APPOINTMENT-SERVICE/LAPTOP-HPLJP7AG:appointment-service:8083 - registration status: 204
2025-09-04T17:06:36.766+05:30  INFO 24648 --- [appointment-service] [restartedMain] [                                                 ] c.w.k.a.AppointmentServiceApplication    : Started AppointmentServiceApplication in 9.972 seconds (process running for 16916.828)
2025-09-04T17:06:36.770+05:30  INFO 24648 --- [appointment-service] [restartedMain] [                                                 ] .ConditionEvaluationDeltaLoggingListener : Condition evaluation unchanged
2025-09-04T17:06:37.738+05:30  WARN 24648 --- [appointment-service] [AsyncReporter{ZipkinHttpClientSender{http://localhost:9411/api/v2/spans}}] [                                                 ] z.r.i.AsyncReporter$BoundedAsyncReporter : Spans were dropped due to exceptions. All subsequent errors will be logged at FINE level.
2025-09-04T17:06:37.738+05:30  WARN 24648 --- [appointment-service] [AsyncReporter{ZipkinHttpClientSender{http://localhost:9411/api/v2/spans}}] [                                                 ] z.r.i.AsyncReporter$BoundedAsyncReporter : Dropped 2 spans due to ConnectException()

java.net.ConnectException: null
	at java.net.http/jdk.internal.net.http.HttpClientImpl.send(HttpClientImpl.java:952) ~[java.net.http:na]
	at java.net.http/jdk.internal.net.http.HttpClientFacade.send(HttpClientFacade.java:133) ~[java.net.http:na]
	at org.springframework.boot.actuate.autoconfigure.tracing.zipkin.ZipkinHttpClientSender.postSpans(ZipkinHttpClientSender.java:60) ~[spring-boot-actuator-autoconfigure-3.5.4.jar:3.5.4]
	at org.springframework.boot.actuate.autoconfigure.tracing.zipkin.HttpSender.postSpans(HttpSender.java:69) ~[spring-boot-actuator-autoconfigure-3.5.4.jar:3.5.4]
	at org.springframework.boot.actuate.autoconfigure.tracing.zipkin.HttpSender.postSpans(HttpSender.java:41) ~[spring-boot-actuator-autoconfigure-3.5.4.jar:3.5.4]
	at zipkin2.reporter.BaseHttpSender.send(BaseHttpSender.java:123) ~[zipkin-reporter-3.5.1.jar:na]
	at zipkin2.reporter.internal.AsyncReporter$BoundedAsyncReporter.flush(AsyncReporter.java:266) ~[zipkin-reporter-3.5.1.jar:na]
	at zipkin2.reporter.internal.AsyncReporter$Flusher.run(AsyncReporter.java:352) ~[zipkin-reporter-3.5.1.jar:na]
	at java.base/java.lang.Thread.run(Thread.java:1583) ~[na:na]
Caused by: java.net.ConnectException: null
	at java.net.http/jdk.internal.net.http.common.Utils.toConnectException(Utils.java:1041) ~[java.net.http:na]
	at java.net.http/jdk.internal.net.http.PlainHttpConnection.connectAsync(PlainHttpConnection.java:227) ~[java.net.http:na]
	at java.net.http/jdk.internal.net.http.PlainHttpConnection.checkRetryConnect(PlainHttpConnection.java:280) ~[java.net.http:na]
	at java.net.http/jdk.internal.net.http.PlainHttpConnection.lambda$connectAsync$2(PlainHttpConnection.java:238) ~[java.net.http:na]
	at java.base/java.util.concurrent.CompletableFuture.uniHandle(CompletableFuture.java:934) ~[na:na]
	at java.base/java.util.concurrent.CompletableFuture$UniHandle.tryFire(CompletableFuture.java:911) ~[na:na]
	at java.base/java.util.concurrent.CompletableFuture.postComplete(CompletableFuture.java:510) ~[na:na]
	at java.base/java.util.concurrent.CompletableFuture$AsyncSupply.run(CompletableFuture.java:1773) ~[na:na]
	at java.base/java.util.concurrent.ThreadPoolExecutor.runWorker(ThreadPoolExecutor.java:1144) ~[na:na]
	at java.base/java.util.concurrent.ThreadPoolExecutor$Worker.run(ThreadPoolExecutor.java:642) ~[na:na]
	... 1 common frames omitted
Caused by: java.nio.channels.ClosedChannelException: null
	at java.base/sun.nio.ch.SocketChannelImpl.ensureOpen(SocketChannelImpl.java:202) ~[na:na]
	at java.base/sun.nio.ch.SocketChannelImpl.beginConnect(SocketChannelImpl.java:786) ~[na:na]
	at java.base/sun.nio.ch.SocketChannelImpl.connect(SocketChannelImpl.java:874) ~[na:na]
	at java.net.http/jdk.internal.net.http.PlainHttpConnection.lambda$connectAsync$1(PlainHttpConnection.java:210) ~[java.net.http:na]
	at java.base/java.security.AccessController.doPrivileged(AccessController.java:571) ~[na:na]
	at java.net.http/jdk.internal.net.http.PlainHttpConnection.connectAsync(PlainHttpConnection.java:212) ~[java.net.http:na]
	... 9 common frames omitted

2025-09-04T17:11:36.655+05:30  INFO 24648 --- [appointment-service] [AsyncResolver-bootstrap-executor-%d] [                                                 ] c.n.d.s.r.aws.ConfigClusterResolver      : Resolving eureka endpoints via configuration
